--------------------------------------------------------------------------------
CPU name:	11th Gen Intel(R) Core(TM) i7-11700K @ 3.60GHz
CPU type:	Intel Rocketlake processor
CPU clock:	3.60 GHz
--------------------------------------------------------------------------------
size: 100  time: 0.503564  iter: 256  MLUP/s: 478.479814
--------------------------------------------------------------------------------
Region Sweep, Group 1: FLOPS_DP
+-------------------+------------+------------+------------+------------+------------+------------+------------+------------+
|    Region Info    | HWThread 0 | HWThread 1 | HWThread 2 | HWThread 3 | HWThread 4 | HWThread 5 | HWThread 6 | HWThread 7 |
+-------------------+------------+------------+------------+------------+------------+------------+------------+------------+
| RDTSC Runtime [s] |   0.953121 |   0.938519 |   0.940630 |   0.925656 |   0.939734 |   0.926803 |   0.918272 |   0.923130 |
|     call count    |        511 |        511 |        511 |        511 |        511 |        511 |        511 |        511 |
+-------------------+------------+------------+------------+------------+------------+------------+------------+------------+

+------------------------------------------+---------+------------+------------+------------+------------+------------+------------+------------+------------+
|                   Event                  | Counter | HWThread 0 | HWThread 1 | HWThread 2 | HWThread 3 | HWThread 4 | HWThread 5 | HWThread 6 | HWThread 7 |
+------------------------------------------+---------+------------+------------+------------+------------+------------+------------+------------+------------+
|             INSTR_RETIRED_ANY            |  FIXC0  | 6358568000 | 5651808000 | 5292344000 | 5234003000 | 5444480000 | 5234051000 | 5259906000 | 5229500000 |
|           CPU_CLK_UNHALTED_CORE          |  FIXC1  | 2417754000 | 3475026000 | 3240198000 | 3251255000 | 3114288000 | 3124373000 | 3136615000 | 3122375000 |
|           CPU_CLK_UNHALTED_REF           |  FIXC2  | 1912571000 | 2735350000 | 2556130000 | 2563422000 | 2461053000 | 2468971000 | 2478126000 | 2467426000 |
| FP_ARITH_INST_RETIRED_128B_PACKED_DOUBLE |   PMC0  |          0 |          0 |          0 |          0 |          0 |          0 |          0 |          0 |
|    FP_ARITH_INST_RETIRED_SCALAR_DOUBLE   |   PMC1  |  382801900 |  382801900 |  353356000 |  353356000 |  353356000 |  353356000 |  353356000 |  353356000 |
| FP_ARITH_INST_RETIRED_256B_PACKED_DOUBLE |   PMC2  |          0 |          0 |          0 |          0 |          0 |          0 |          0 |          0 |
| FP_ARITH_INST_RETIRED_512B_PACKED_DOUBLE |   PMC3  |          0 |          0 |          0 |          0 |          0 |          0 |          0 |          0 |
+------------------------------------------+---------+------------+------------+------------+------------+------------+------------+------------+------------+

+-----------------------------------------------+---------+-------------+------------+------------+------------+
|                     Event                     | Counter |     Sum     |     Min    |     Max    |     Avg    |
+-----------------------------------------------+---------+-------------+------------+------------+------------+
|             INSTR_RETIRED_ANY STAT            |  FIXC0  | 43704660000 | 5229500000 | 6358568000 | 5463082500 |
|           CPU_CLK_UNHALTED_CORE STAT          |  FIXC1  | 24881884000 | 2417754000 | 3475026000 | 3110235500 |
|           CPU_CLK_UNHALTED_REF STAT           |  FIXC2  | 19643049000 | 1912571000 | 2735350000 | 2455381125 |
| FP_ARITH_INST_RETIRED_128B_PACKED_DOUBLE STAT |   PMC0  |           0 |          0 |          0 |          0 |
|    FP_ARITH_INST_RETIRED_SCALAR_DOUBLE STAT   |   PMC1  |  2885739800 |  353356000 |  382801900 |  360717475 |
| FP_ARITH_INST_RETIRED_256B_PACKED_DOUBLE STAT |   PMC2  |           0 |          0 |          0 |          0 |
| FP_ARITH_INST_RETIRED_512B_PACKED_DOUBLE STAT |   PMC3  |           0 |          0 |          0 |          0 |
+-----------------------------------------------+---------+-------------+------------+------------+------------+

+----------------------+------------+------------+------------+------------+------------+------------+------------+------------+
|        Metric        | HWThread 0 | HWThread 1 | HWThread 2 | HWThread 3 | HWThread 4 | HWThread 5 | HWThread 6 | HWThread 7 |
+----------------------+------------+------------+------------+------------+------------+------------+------------+------------+
|  Runtime (RDTSC) [s] |     0.9531 |     0.9385 |     0.9406 |     0.9257 |     0.9397 |     0.9268 |     0.9183 |     0.9231 |
| Runtime unhalted [s] |     0.6716 |     0.9653 |     0.9001 |     0.9032 |     0.8651 |     0.8679 |     0.8713 |     0.8674 |
|      Clock [MHz]     |  4550.7517 |  4573.3428 |  4563.2810 |  4565.8278 |  4555.3988 |  4555.4941 |  4556.4481 |  4555.4315 |
|          CPI         |     0.3802 |     0.6149 |     0.6122 |     0.6212 |     0.5720 |     0.5969 |     0.5963 |     0.5971 |
|     DP [MFLOP/s]     |   401.6297 |   407.8786 |   375.6591 |   381.7356 |   376.0169 |   381.2632 |   384.8055 |   382.7803 |
|   AVX DP [MFLOP/s]   |          0 |          0 |          0 |          0 |          0 |          0 |          0 |          0 |
|  AVX512 DP [MFLOP/s] |          0 |          0 |          0 |          0 |          0 |          0 |          0 |          0 |
|   Packed [MUOPS/s]   |          0 |          0 |          0 |          0 |          0 |          0 |          0 |          0 |
|   Scalar [MUOPS/s]   |   401.6297 |   407.8786 |   375.6591 |   381.7356 |   376.0169 |   381.2632 |   384.8055 |   382.7803 |
|  Vectorization ratio |          0 |          0 |          0 |          0 |          0 |          0 |          0 |          0 |
+----------------------+------------+------------+------------+------------+------------+------------+------------+------------+

+---------------------------+------------+-----------+-----------+-----------+
|           Metric          |     Sum    |    Min    |    Max    |    Avg    |
+---------------------------+------------+-----------+-----------+-----------+
|  Runtime (RDTSC) [s] STAT |     7.4658 |    0.9183 |    0.9531 |    0.9332 |
| Runtime unhalted [s] STAT |     6.9119 |    0.6716 |    0.9653 |    0.8640 |
|      Clock [MHz] STAT     | 36475.9758 | 4550.7517 | 4573.3428 | 4559.4970 |
|          CPI STAT         |     4.5908 |    0.3802 |    0.6212 |    0.5739 |
|     DP [MFLOP/s] STAT     |  3091.7689 |  375.6591 |  407.8786 |  386.4711 |
|   AVX DP [MFLOP/s] STAT   |          0 |         0 |         0 |         0 |
|  AVX512 DP [MFLOP/s] STAT |          0 |         0 |         0 |         0 |
|   Packed [MUOPS/s] STAT   |          0 |         0 |         0 |         0 |
|   Scalar [MUOPS/s] STAT   |  3091.7689 |  375.6591 |  407.8786 |  386.4711 |
|  Vectorization ratio STAT |          0 |         0 |         0 |         0 |
+---------------------------+------------+-----------+-----------+-----------+

