##################### FLOPS_DP #####################
--------------------------------------------------------------------------------
CPU name:	11th Gen Intel(R) Core(TM) i7-11700K @ 3.60GHz
CPU type:	Intel Rocketlake processor
CPU clock:	3.60 GHz
--------------------------------------------------------------------------------
(threadid(), LIKWID.get_processor_id()) = (2, 1)
(threadid(), LIKWID.get_processor_id()) = (4, 3)
(threadid(), LIKWID.get_processor_id()) = (3, 2)
(threadid(), LIKWID.get_processor_id()) = (7, 6)
(threadid(), LIKWID.get_processor_id()) = (1, 0)
(threadid(), LIKWID.get_processor_id()) = (6, 5)
(threadid(), LIKWID.get_processor_id()) = (8, 7)
(threadid(), LIKWID.get_processor_id()) = (5, 4)
-------------------------------------------------------------
This system uses 8 bytes per DOUBLE PRECISION word.
-------------------------------------------------------------
Array size = 40000000, Offset = 0
Total memory required = 915.5 MB.
Each test is run 50 times, but only
the *best* time for each is used.
-------------------------------------------------------------
Your clock granularity/precision appears to be 1 microseconds.
Each test below will take on the order of 14412 microseconds.
   (= 14412 clock ticks)
Increase the size of the arrays if this shows that
you are not getting at least 20 clock ticks per test.
-------------------------------------------------------------
WARNING -- The above is only a rough guideline.
For best results, please be sure you know the
precision of your system timer.
-------------------------------------------------------------
Function      Rate (MB/s)   Avg time     Min time     Max time
Copy:       30323.1241       0.0212       0.0211       0.0217
Scale:      30228.5372       0.0213       0.0212       0.0217
Add:        34219.7204       0.0282       0.0281       0.0287
Triad:      34161.3656       0.0282       0.0281       0.0287
-------------------------------------------------------------
Solution Validates
-------------------------------------------------------------
--------------------------------------------------------------------------------
Region COPY, Group 1: FLOPS_DP
+-------------------+------------+------------+------------+------------+------------+------------+------------+------------+
|    Region Info    | HWThread 0 | HWThread 1 | HWThread 2 | HWThread 3 | HWThread 4 | HWThread 5 | HWThread 6 | HWThread 7 |
+-------------------+------------+------------+------------+------------+------------+------------+------------+------------+
| RDTSC Runtime [s] |   1.113318 |   1.055259 |   1.061686 |   1.063096 |   1.070723 |   1.068170 |   1.053771 |   1.070782 |
|     call count    |         50 |         50 |         50 |         50 |         50 |         50 |         50 |         50 |
+-------------------+------------+------------+------------+------------+------------+------------+------------+------------+

+------------------------------------------+---------+------------+------------+------------+------------+------------+------------+------------+------------+
|                   Event                  | Counter | HWThread 0 | HWThread 1 | HWThread 2 | HWThread 3 | HWThread 4 | HWThread 5 | HWThread 6 | HWThread 7 |
+------------------------------------------+---------+------------+------------+------------+------------+------------+------------+------------+------------+
|             INSTR_RETIRED_ANY            |  FIXC0  |  536169600 |  173455700 |  174847100 |  175850200 |  176840800 |  176425600 |  173360900 |  177793300 |
|           CPU_CLK_UNHALTED_CORE          |  FIXC1  | 5003164000 | 4820882000 | 4848905000 | 4857065000 | 4891711000 | 4880114000 | 4811680000 | 4892475000 |
|           CPU_CLK_UNHALTED_REF           |  FIXC2  | 3919379000 | 3781369000 | 3803327000 | 3809632000 | 3836620000 | 3827598000 | 3774150000 | 3837222000 |
| FP_ARITH_INST_RETIRED_128B_PACKED_DOUBLE |   PMC0  |          0 |          0 |          0 |          0 |          0 |          0 |          0 |          0 |
|    FP_ARITH_INST_RETIRED_SCALAR_DOUBLE   |   PMC1  |        550 |        550 |        550 |        550 |        550 |        550 |        550 |        550 |
| FP_ARITH_INST_RETIRED_256B_PACKED_DOUBLE |   PMC2  |          0 |          0 |          0 |          0 |          0 |          0 |          0 |          0 |
| FP_ARITH_INST_RETIRED_512B_PACKED_DOUBLE |   PMC3  |          0 |          0 |          0 |          0 |          0 |          0 |          0 |          0 |
+------------------------------------------+---------+------------+------------+------------+------------+------------+------------+------------+------------+

+-----------------------------------------------+---------+-------------+------------+------------+------------+
|                     Event                     | Counter |     Sum     |     Min    |     Max    |     Avg    |
+-----------------------------------------------+---------+-------------+------------+------------+------------+
|             INSTR_RETIRED_ANY STAT            |  FIXC0  |  1764743200 |  173360900 |  536169600 |  220592900 |
|           CPU_CLK_UNHALTED_CORE STAT          |  FIXC1  | 39005996000 | 4811680000 | 5003164000 | 4875749500 |
|           CPU_CLK_UNHALTED_REF STAT           |  FIXC2  | 30589297000 | 3774150000 | 3919379000 | 3823662125 |
| FP_ARITH_INST_RETIRED_128B_PACKED_DOUBLE STAT |   PMC0  |           0 |          0 |          0 |          0 |
|    FP_ARITH_INST_RETIRED_SCALAR_DOUBLE STAT   |   PMC1  |        4400 |        550 |        550 |        550 |
| FP_ARITH_INST_RETIRED_256B_PACKED_DOUBLE STAT |   PMC2  |           0 |          0 |          0 |          0 |
| FP_ARITH_INST_RETIRED_512B_PACKED_DOUBLE STAT |   PMC3  |           0 |          0 |          0 |          0 |
+-----------------------------------------------+---------+-------------+------------+------------+------------+

+----------------------+------------+------------+------------+------------+------------+------------+------------+------------+
|        Metric        | HWThread 0 | HWThread 1 | HWThread 2 | HWThread 3 | HWThread 4 | HWThread 5 | HWThread 6 | HWThread 7 |
+----------------------+------------+------------+------------+------------+------------+------------+------------+------------+
|  Runtime (RDTSC) [s] |     1.1133 |     1.0553 |     1.0617 |     1.0631 |     1.0707 |     1.0682 |     1.0538 |     1.0708 |
| Runtime unhalted [s] |     1.3897 |     1.3391 |     1.3469 |     1.3492 |     1.3588 |     1.3556 |     1.3366 |     1.3590 |
|      Clock [MHz]     |  4595.5496 |  4589.7330 |  4589.7601 |  4589.8751 |  4590.0983 |  4590.0099 |  4589.7344 |  4590.0949 |
|          CPI         |     9.3313 |    27.7932 |    27.7323 |    27.6205 |    27.6617 |    27.6610 |    27.7553 |    27.5178 |
|     DP [MFLOP/s]     |     0.0005 |     0.0005 |     0.0005 |     0.0005 |     0.0005 |     0.0005 |     0.0005 |     0.0005 |
|   AVX DP [MFLOP/s]   |          0 |          0 |          0 |          0 |          0 |          0 |          0 |          0 |
|  AVX512 DP [MFLOP/s] |          0 |          0 |          0 |          0 |          0 |          0 |          0 |          0 |
|   Packed [MUOPS/s]   |          0 |          0 |          0 |          0 |          0 |          0 |          0 |          0 |
|   Scalar [MUOPS/s]   |     0.0005 |     0.0005 |     0.0005 |     0.0005 |     0.0005 |     0.0005 |     0.0005 |     0.0005 |
|  Vectorization ratio |          0 |          0 |          0 |          0 |          0 |          0 |          0 |          0 |
+----------------------+------------+------------+------------+------------+------------+------------+------------+------------+

+---------------------------+------------+-----------+-----------+-----------+
|           Metric          |     Sum    |    Min    |    Max    |    Avg    |
+---------------------------+------------+-----------+-----------+-----------+
|  Runtime (RDTSC) [s] STAT |     8.5569 |    1.0538 |    1.1133 |    1.0696 |
| Runtime unhalted [s] STAT |    10.8349 |    1.3366 |    1.3897 |    1.3544 |
|      Clock [MHz] STAT     | 36724.8553 | 4589.7330 | 4595.5496 | 4590.6069 |
|          CPI STAT         |   203.0731 |    9.3313 |   27.7932 |   25.3841 |
|     DP [MFLOP/s] STAT     |     0.0040 |    0.0005 |    0.0005 |    0.0005 |
|   AVX DP [MFLOP/s] STAT   |          0 |         0 |         0 |         0 |
|  AVX512 DP [MFLOP/s] STAT |          0 |         0 |         0 |         0 |
|   Packed [MUOPS/s] STAT   |          0 |         0 |         0 |         0 |
|   Scalar [MUOPS/s] STAT   |     0.0040 |    0.0005 |    0.0005 |    0.0005 |
|  Vectorization ratio STAT |          0 |         0 |         0 |         0 |
+---------------------------+------------+-----------+-----------+-----------+

Region SCALE, Group 1: FLOPS_DP
+-------------------+------------+------------+------------+------------+------------+------------+------------+------------+
|    Region Info    | HWThread 0 | HWThread 1 | HWThread 2 | HWThread 3 | HWThread 4 | HWThread 5 | HWThread 6 | HWThread 7 |
+-------------------+------------+------------+------------+------------+------------+------------+------------+------------+
| RDTSC Runtime [s] |   1.056198 |   1.056379 |   1.056350 |   1.056368 |   1.056362 |   1.056428 |   1.056334 |   1.056358 |
|     call count    |         50 |         50 |         50 |         50 |         50 |         50 |         50 |         50 |
+-------------------+------------+------------+------------+------------+------------+------------+------------+------------+

+------------------------------------------+---------+------------+------------+------------+------------+------------+------------+------------+------------+
|                   Event                  | Counter | HWThread 0 | HWThread 1 | HWThread 2 | HWThread 3 | HWThread 4 | HWThread 5 | HWThread 6 | HWThread 7 |
+------------------------------------------+---------+------------+------------+------------+------------+------------+------------+------------+------------+
|             INSTR_RETIRED_ANY            |  FIXC0  |  172870200 |  173119100 |  172940600 |  174003500 |  173398200 |  173381000 |  173103500 |  173838100 |
|           CPU_CLK_UNHALTED_CORE          |  FIXC1  | 4823163000 | 4824916000 | 4824876000 | 4826753000 | 4826121000 | 4824045000 | 4823019000 | 4825609000 |
|           CPU_CLK_UNHALTED_REF           |  FIXC2  | 3783334000 | 3784703000 | 3784664000 | 3786152000 | 3785640000 | 3784016000 | 3783231000 | 3785246000 |
| FP_ARITH_INST_RETIRED_128B_PACKED_DOUBLE |   PMC0  |          0 |          0 |          0 |          0 |          0 |          0 |          0 |          0 |
|    FP_ARITH_INST_RETIRED_SCALAR_DOUBLE   |   PMC1  |        550 |        550 |        550 |        550 |        550 |        550 |        550 |        550 |
| FP_ARITH_INST_RETIRED_256B_PACKED_DOUBLE |   PMC2  |   62500000 |   62500000 |   62500000 |   62500000 |   62500000 |   62500000 |   62500000 |   62500000 |
| FP_ARITH_INST_RETIRED_512B_PACKED_DOUBLE |   PMC3  |          0 |          0 |          0 |          0 |          0 |          0 |          0 |          0 |
+------------------------------------------+---------+------------+------------+------------+------------+------------+------------+------------+------------+

+-----------------------------------------------+---------+-------------+------------+------------+------------+
|                     Event                     | Counter |     Sum     |     Min    |     Max    |     Avg    |
+-----------------------------------------------+---------+-------------+------------+------------+------------+
|             INSTR_RETIRED_ANY STAT            |  FIXC0  |  1386654200 |  172870200 |  174003500 |  173331775 |
|           CPU_CLK_UNHALTED_CORE STAT          |  FIXC1  | 38598502000 | 4823019000 | 4826753000 | 4824812750 |
|           CPU_CLK_UNHALTED_REF STAT           |  FIXC2  | 30276986000 | 3783231000 | 3786152000 | 3784623250 |
| FP_ARITH_INST_RETIRED_128B_PACKED_DOUBLE STAT |   PMC0  |           0 |          0 |          0 |          0 |
|    FP_ARITH_INST_RETIRED_SCALAR_DOUBLE STAT   |   PMC1  |        4400 |        550 |        550 |        550 |
| FP_ARITH_INST_RETIRED_256B_PACKED_DOUBLE STAT |   PMC2  |   500000000 |   62500000 |   62500000 |   62500000 |
| FP_ARITH_INST_RETIRED_512B_PACKED_DOUBLE STAT |   PMC3  |           0 |          0 |          0 |          0 |
+-----------------------------------------------+---------+-------------+------------+------------+------------+

+----------------------+------------+------------+------------+------------+------------+------------+------------+------------+
|        Metric        | HWThread 0 | HWThread 1 | HWThread 2 | HWThread 3 | HWThread 4 | HWThread 5 | HWThread 6 | HWThread 7 |
+----------------------+------------+------------+------------+------------+------------+------------+------------+------------+
|  Runtime (RDTSC) [s] |     1.0562 |     1.0564 |     1.0563 |     1.0564 |     1.0564 |     1.0564 |     1.0563 |     1.0564 |
| Runtime unhalted [s] |     1.3397 |     1.3402 |     1.3402 |     1.3407 |     1.3406 |     1.3400 |     1.3397 |     1.3404 |
|      Clock [MHz]     |  4589.5196 |  4589.5270 |  4589.5362 |  4589.5173 |  4589.5370 |  4589.5316 |  4589.5076 |  4589.5277 |
|          CPI         |    27.9005 |    27.8705 |    27.8990 |    27.7394 |    27.8326 |    27.8234 |    27.8621 |    27.7592 |
|     DP [MFLOP/s]     |   236.6986 |   236.6580 |   236.6645 |   236.6605 |   236.6618 |   236.6470 |   236.6681 |   236.6627 |
|   AVX DP [MFLOP/s]   |   236.6980 |   236.6575 |   236.6640 |   236.6600 |   236.6613 |   236.6465 |   236.6676 |   236.6622 |
|  AVX512 DP [MFLOP/s] |          0 |          0 |          0 |          0 |          0 |          0 |          0 |          0 |
|   Packed [MUOPS/s]   |    59.1745 |    59.1644 |    59.1660 |    59.1650 |    59.1653 |    59.1616 |    59.1669 |    59.1655 |
|   Scalar [MUOPS/s]   |     0.0005 |     0.0005 |     0.0005 |     0.0005 |     0.0005 |     0.0005 |     0.0005 |     0.0005 |
|  Vectorization ratio |    99.9991 |    99.9991 |    99.9991 |    99.9991 |    99.9991 |    99.9991 |    99.9991 |    99.9991 |
+----------------------+------------+------------+------------+------------+------------+------------+------------+------------+

+---------------------------+------------+-----------+-----------+-----------+
|           Metric          |     Sum    |    Min    |    Max    |    Avg    |
+---------------------------+------------+-----------+-----------+-----------+
|  Runtime (RDTSC) [s] STAT |     8.4508 |    1.0562 |    1.0564 |    1.0564 |
| Runtime unhalted [s] STAT |    10.7215 |    1.3397 |    1.3407 |    1.3402 |
|      Clock [MHz] STAT     | 36716.2040 | 4589.5076 | 4589.5370 | 4589.5255 |
|          CPI STAT         |   222.6867 |   27.7394 |   27.9005 |   27.8358 |
|     DP [MFLOP/s] STAT     |  1893.3212 |  236.6470 |  236.6986 |  236.6652 |
|   AVX DP [MFLOP/s] STAT   |  1893.3171 |  236.6465 |  236.6980 |  236.6646 |
|  AVX512 DP [MFLOP/s] STAT |          0 |         0 |         0 |         0 |
|   Packed [MUOPS/s] STAT   |   473.3292 |   59.1616 |   59.1745 |   59.1662 |
|   Scalar [MUOPS/s] STAT   |     0.0040 |    0.0005 |    0.0005 |    0.0005 |
|  Vectorization ratio STAT |   799.9928 |   99.9991 |   99.9991 |   99.9991 |
+---------------------------+------------+-----------+-----------+-----------+

Region ADD, Group 1: FLOPS_DP
+-------------------+------------+------------+------------+------------+------------+------------+------------+------------+
|    Region Info    | HWThread 0 | HWThread 1 | HWThread 2 | HWThread 3 | HWThread 4 | HWThread 5 | HWThread 6 | HWThread 7 |
+-------------------+------------+------------+------------+------------+------------+------------+------------+------------+
| RDTSC Runtime [s] |   1.400727 |   1.400830 |   1.400826 |   1.400821 |   1.400806 |   1.400835 |   1.400803 |   1.400854 |
|     call count    |         50 |         50 |         50 |         50 |         50 |         50 |         50 |         50 |
+-------------------+------------+------------+------------+------------+------------+------------+------------+------------+

+------------------------------------------+---------+------------+------------+------------+------------+------------+------------+------------+------------+
|                   Event                  | Counter | HWThread 0 | HWThread 1 | HWThread 2 | HWThread 3 | HWThread 4 | HWThread 5 | HWThread 6 | HWThread 7 |
+------------------------------------------+---------+------------+------------+------------+------------+------------+------------+------------+------------+
|             INSTR_RETIRED_ANY            |  FIXC0  |  237152100 |  235554800 |  235800300 |  236525300 |  235431000 |  235719800 |  235831800 |  238370200 |
|           CPU_CLK_UNHALTED_CORE          |  FIXC1  | 6416437000 | 6417024000 | 6419382000 | 6417884000 | 6419710000 | 6421804000 | 6415580000 | 6418025000 |
|           CPU_CLK_UNHALTED_REF           |  FIXC2  | 5033340000 | 5033786000 | 5035651000 | 5034472000 | 5035889000 | 5037539000 | 5032664000 | 5034584000 |
| FP_ARITH_INST_RETIRED_128B_PACKED_DOUBLE |   PMC0  |          0 |          0 |          0 |          0 |          0 |          0 |          0 |          0 |
|    FP_ARITH_INST_RETIRED_SCALAR_DOUBLE   |   PMC1  |        550 |        550 |        550 |        550 |        550 |        550 |        550 |        550 |
| FP_ARITH_INST_RETIRED_256B_PACKED_DOUBLE |   PMC2  |   62500000 |   62500000 |   62500000 |   62500000 |   62500000 |   62500000 |   62500000 |   62500000 |
| FP_ARITH_INST_RETIRED_512B_PACKED_DOUBLE |   PMC3  |          0 |          0 |          0 |          0 |          0 |          0 |          0 |          0 |
+------------------------------------------+---------+------------+------------+------------+------------+------------+------------+------------+------------+

+-----------------------------------------------+---------+-------------+------------+------------+--------------+
|                     Event                     | Counter |     Sum     |     Min    |     Max    |      Avg     |
+-----------------------------------------------+---------+-------------+------------+------------+--------------+
|             INSTR_RETIRED_ANY STAT            |  FIXC0  |  1890385300 |  235431000 |  238370200 | 2.362982e+08 |
|           CPU_CLK_UNHALTED_CORE STAT          |  FIXC1  | 51345846000 | 6415580000 | 6421804000 |   6418230750 |
|           CPU_CLK_UNHALTED_REF STAT           |  FIXC2  | 40277925000 | 5032664000 | 5037539000 |   5034740625 |
| FP_ARITH_INST_RETIRED_128B_PACKED_DOUBLE STAT |   PMC0  |           0 |          0 |          0 |            0 |
|    FP_ARITH_INST_RETIRED_SCALAR_DOUBLE STAT   |   PMC1  |        4400 |        550 |        550 |          550 |
| FP_ARITH_INST_RETIRED_256B_PACKED_DOUBLE STAT |   PMC2  |   500000000 |   62500000 |   62500000 |     62500000 |
| FP_ARITH_INST_RETIRED_512B_PACKED_DOUBLE STAT |   PMC3  |           0 |          0 |          0 |            0 |
+-----------------------------------------------+---------+-------------+------------+------------+--------------+

+----------------------+------------+------------+------------+------------+------------+------------+------------+------------+
|        Metric        | HWThread 0 | HWThread 1 | HWThread 2 | HWThread 3 | HWThread 4 | HWThread 5 | HWThread 6 | HWThread 7 |
+----------------------+------------+------------+------------+------------+------------+------------+------------+------------+
|  Runtime (RDTSC) [s] |     1.4007 |     1.4008 |     1.4008 |     1.4008 |     1.4008 |     1.4008 |     1.4008 |     1.4009 |
| Runtime unhalted [s] |     1.7823 |     1.7825 |     1.7831 |     1.7827 |     1.7832 |     1.7838 |     1.7821 |     1.7828 |
|      Clock [MHz]     |  4589.3126 |  4589.3258 |  4589.3119 |  4589.3155 |  4589.3295 |  4589.3228 |  4589.3160 |  4589.3142 |
|          CPI         |    27.0562 |    27.2422 |    27.2238 |    27.1340 |    27.2679 |    27.2434 |    27.2040 |    26.9246 |
|     DP [MFLOP/s]     |   178.4791 |   178.4660 |   178.4665 |   178.4672 |   178.4691 |   178.4654 |   178.4695 |   178.4630 |
|   AVX DP [MFLOP/s]   |   178.4787 |   178.4656 |   178.4661 |   178.4668 |   178.4687 |   178.4650 |   178.4691 |   178.4626 |
|  AVX512 DP [MFLOP/s] |          0 |          0 |          0 |          0 |          0 |          0 |          0 |          0 |
|   Packed [MUOPS/s]   |    44.6197 |    44.6164 |    44.6165 |    44.6167 |    44.6172 |    44.6162 |    44.6173 |    44.6156 |
|   Scalar [MUOPS/s]   |     0.0004 |     0.0004 |     0.0004 |     0.0004 |     0.0004 |     0.0004 |     0.0004 |     0.0004 |
|  Vectorization ratio |    99.9991 |    99.9991 |    99.9991 |    99.9991 |    99.9991 |    99.9991 |    99.9991 |    99.9991 |
+----------------------+------------+------------+------------+------------+------------+------------+------------+------------+

+---------------------------+------------+-----------+-----------+-----------+
|           Metric          |     Sum    |    Min    |    Max    |    Avg    |
+---------------------------+------------+-----------+-----------+-----------+
|  Runtime (RDTSC) [s] STAT |    11.2064 |    1.4007 |    1.4009 |    1.4008 |
| Runtime unhalted [s] STAT |    14.2625 |    1.7821 |    1.7838 |    1.7828 |
|      Clock [MHz] STAT     | 36714.5483 | 4589.3119 | 4589.3295 | 4589.3185 |
|          CPI STAT         |   217.2961 |   26.9246 |   27.2679 |   27.1620 |
|     DP [MFLOP/s] STAT     |  1427.7458 |  178.4630 |  178.4791 |  178.4682 |
|   AVX DP [MFLOP/s] STAT   |  1427.7426 |  178.4626 |  178.4787 |  178.4678 |
|  AVX512 DP [MFLOP/s] STAT |          0 |         0 |         0 |         0 |
|   Packed [MUOPS/s] STAT   |   356.9356 |   44.6156 |   44.6197 |   44.6170 |
|   Scalar [MUOPS/s] STAT   |     0.0032 |    0.0004 |    0.0004 |    0.0004 |
|  Vectorization ratio STAT |   799.9928 |   99.9991 |   99.9991 |   99.9991 |
+---------------------------+------------+-----------+-----------+-----------+

Region TRIAD, Group 1: FLOPS_DP
+-------------------+------------+------------+------------+------------+------------+------------+------------+------------+
|    Region Info    | HWThread 0 | HWThread 1 | HWThread 2 | HWThread 3 | HWThread 4 | HWThread 5 | HWThread 6 | HWThread 7 |
+-------------------+------------+------------+------------+------------+------------+------------+------------+------------+
| RDTSC Runtime [s] |   1.402538 |   1.402747 |   1.402759 |   1.402725 |   1.402735 |   1.402701 |   1.402713 |   1.402719 |
|     call count    |         50 |         50 |         50 |         50 |         50 |         50 |         50 |         50 |
+-------------------+------------+------------+------------+------------+------------+------------+------------+------------+

+------------------------------------------+---------+------------+------------+------------+------------+------------+------------+------------+------------+
|                   Event                  | Counter | HWThread 0 | HWThread 1 | HWThread 2 | HWThread 3 | HWThread 4 | HWThread 5 | HWThread 6 | HWThread 7 |
+------------------------------------------+---------+------------+------------+------------+------------+------------+------------+------------+------------+
|             INSTR_RETIRED_ANY            |  FIXC0  |  236901000 |  235777700 |  235931900 |  236631300 |  235698500 |  235820000 |  235933800 |  238193900 |
|           CPU_CLK_UNHALTED_CORE          |  FIXC1  | 6410629000 | 6410037000 | 6412449000 | 6411736000 | 6412450000 | 6411158000 | 6408939000 | 6410658000 |
|           CPU_CLK_UNHALTED_REF           |  FIXC2  | 5028446000 | 5027974000 | 5029874000 | 5029307000 | 5029878000 | 5028848000 | 5027111000 | 5028457000 |
| FP_ARITH_INST_RETIRED_128B_PACKED_DOUBLE |   PMC0  |          0 |          0 |          0 |          0 |          0 |          0 |          0 |          0 |
|    FP_ARITH_INST_RETIRED_SCALAR_DOUBLE   |   PMC1  |        550 |        550 |        550 |        550 |        550 |        550 |        550 |        550 |
| FP_ARITH_INST_RETIRED_256B_PACKED_DOUBLE |   PMC2  |  125000000 |  125000000 |  125000000 |  125000000 |  125000000 |  125000000 |  125000000 |  125000000 |
| FP_ARITH_INST_RETIRED_512B_PACKED_DOUBLE |   PMC3  |          0 |          0 |          0 |          0 |          0 |          0 |          0 |          0 |
+------------------------------------------+---------+------------+------------+------------+------------+------------+------------+------------+------------+

+-----------------------------------------------+---------+-------------+------------+------------+--------------+
|                     Event                     | Counter |     Sum     |     Min    |     Max    |      Avg     |
+-----------------------------------------------+---------+-------------+------------+------------+--------------+
|             INSTR_RETIRED_ANY STAT            |  FIXC0  |  1890888100 |  235698500 |  238193900 | 2.363610e+08 |
|           CPU_CLK_UNHALTED_CORE STAT          |  FIXC1  | 51288056000 | 6408939000 | 6412450000 |   6411007000 |
|           CPU_CLK_UNHALTED_REF STAT           |  FIXC2  | 40229895000 | 5027111000 | 5029878000 |   5028736875 |
| FP_ARITH_INST_RETIRED_128B_PACKED_DOUBLE STAT |   PMC0  |           0 |          0 |          0 |            0 |
|    FP_ARITH_INST_RETIRED_SCALAR_DOUBLE STAT   |   PMC1  |        4400 |        550 |        550 |          550 |
| FP_ARITH_INST_RETIRED_256B_PACKED_DOUBLE STAT |   PMC2  |  1000000000 |  125000000 |  125000000 |    125000000 |
| FP_ARITH_INST_RETIRED_512B_PACKED_DOUBLE STAT |   PMC3  |           0 |          0 |          0 |            0 |
+-----------------------------------------------+---------+-------------+------------+------------+--------------+

+----------------------+------------+------------+------------+------------+------------+------------+------------+------------+
|        Metric        | HWThread 0 | HWThread 1 | HWThread 2 | HWThread 3 | HWThread 4 | HWThread 5 | HWThread 6 | HWThread 7 |
+----------------------+------------+------------+------------+------------+------------+------------+------------+------------+
|  Runtime (RDTSC) [s] |     1.4025 |     1.4027 |     1.4028 |     1.4027 |     1.4027 |     1.4027 |     1.4027 |     1.4027 |
| Runtime unhalted [s] |     1.7807 |     1.7805 |     1.7812 |     1.7810 |     1.7812 |     1.7808 |     1.7802 |     1.7807 |
|      Clock [MHz]     |  4589.6211 |  4589.6280 |  4589.6207 |  4589.6277 |  4589.6178 |  4589.6329 |  4589.6296 |  4589.6318 |
|          CPI         |    27.0604 |    27.1868 |    27.1792 |    27.0959 |    27.2062 |    27.1867 |    27.1641 |    26.9136 |
|     DP [MFLOP/s]     |   356.4970 |   356.4439 |   356.4408 |   356.4494 |   356.4469 |   356.4555 |   356.4525 |   356.4510 |
|   AVX DP [MFLOP/s]   |   356.4966 |   356.4435 |   356.4404 |   356.4491 |   356.4465 |   356.4552 |   356.4521 |   356.4506 |
|  AVX512 DP [MFLOP/s] |          0 |          0 |          0 |          0 |          0 |          0 |          0 |          0 |
|   Packed [MUOPS/s]   |    89.1241 |    89.1109 |    89.1101 |    89.1123 |    89.1116 |    89.1138 |    89.1130 |    89.1126 |
|   Scalar [MUOPS/s]   |     0.0004 |     0.0004 |     0.0004 |     0.0004 |     0.0004 |     0.0004 |     0.0004 |     0.0004 |
|  Vectorization ratio |    99.9996 |    99.9996 |    99.9996 |    99.9996 |    99.9996 |    99.9996 |    99.9996 |    99.9996 |
+----------------------+------------+------------+------------+------------+------------+------------+------------+------------+

+---------------------------+------------+-----------+-----------+-----------+
|           Metric          |     Sum    |    Min    |    Max    |    Avg    |
+---------------------------+------------+-----------+-----------+-----------+
|  Runtime (RDTSC) [s] STAT |    11.2215 |    1.4025 |    1.4028 |    1.4027 |
| Runtime unhalted [s] STAT |    14.2463 |    1.7802 |    1.7812 |    1.7808 |
|      Clock [MHz] STAT     | 36717.0096 | 4589.6178 | 4589.6329 | 4589.6262 |
|          CPI STAT         |   216.9929 |   26.9136 |   27.2062 |   27.1241 |
|     DP [MFLOP/s] STAT     |  2851.6370 |  356.4408 |  356.4970 |  356.4546 |
|   AVX DP [MFLOP/s] STAT   |  2851.6340 |  356.4404 |  356.4966 |  356.4543 |
|  AVX512 DP [MFLOP/s] STAT |          0 |         0 |         0 |         0 |
|   Packed [MUOPS/s] STAT   |   712.9084 |   89.1101 |   89.1241 |   89.1136 |
|   Scalar [MUOPS/s] STAT   |     0.0032 |    0.0004 |    0.0004 |    0.0004 |
|  Vectorization ratio STAT |   799.9968 |   99.9996 |   99.9996 |   99.9996 |
+---------------------------+------------+-----------+-----------+-----------+

##################### DATA #####################
--------------------------------------------------------------------------------
CPU name:	11th Gen Intel(R) Core(TM) i7-11700K @ 3.60GHz
CPU type:	Intel Rocketlake processor
CPU clock:	3.60 GHz
--------------------------------------------------------------------------------
(threadid(), LIKWID.get_processor_id()) = (4, 3)
(threadid(), LIKWID.get_processor_id()) = (5, 4)
(threadid(), LIKWID.get_processor_id()) = (1, 0)
(threadid(), LIKWID.get_processor_id()) = (2, 1)
(threadid(), LIKWID.get_processor_id()) = (8, 7)
(threadid(), LIKWID.get_processor_id()) = (6, 5)
(threadid(), LIKWID.get_processor_id()) = (3, 2)
(threadid(), LIKWID.get_processor_id()) = (7, 6)
-------------------------------------------------------------
This system uses 8 bytes per DOUBLE PRECISION word.
-------------------------------------------------------------
Array size = 40000000, Offset = 0
Total memory required = 915.5 MB.
Each test is run 50 times, but only
the *best* time for each is used.
-------------------------------------------------------------
Your clock granularity/precision appears to be 1 microseconds.
Each test below will take on the order of 14441 microseconds.
   (= 14441 clock ticks)
Increase the size of the arrays if this shows that
you are not getting at least 20 clock ticks per test.
-------------------------------------------------------------
WARNING -- The above is only a rough guideline.
For best results, please be sure you know the
precision of your system timer.
-------------------------------------------------------------
Function      Rate (MB/s)   Avg time     Min time     Max time
Copy:       30379.4045       0.0211       0.0211       0.0215
Scale:      30281.3920       0.0212       0.0211       0.0214
Add:        34267.4812       0.0281       0.0280       0.0284
Triad:      34211.2887       0.0281       0.0281       0.0286
-------------------------------------------------------------
Solution Validates
-------------------------------------------------------------
--------------------------------------------------------------------------------
Region COPY, Group 1: DATA
+-------------------+------------+------------+------------+------------+------------+------------+------------+------------+
|    Region Info    | HWThread 0 | HWThread 1 | HWThread 2 | HWThread 3 | HWThread 4 | HWThread 5 | HWThread 6 | HWThread 7 |
+-------------------+------------+------------+------------+------------+------------+------------+------------+------------+
| RDTSC Runtime [s] |   1.107339 |   1.064662 |   1.049145 |   1.055468 |   1.059410 |   1.056924 |   1.062028 |   1.049234 |
|     call count    |         50 |         50 |         50 |         50 |         50 |         50 |         50 |         50 |
+-------------------+------------+------------+------------+------------+------------+------------+------------+------------+

+-----------------------------+---------+------------+------------+------------+------------+------------+------------+------------+------------+
|            Event            | Counter | HWThread 0 | HWThread 1 | HWThread 2 | HWThread 3 | HWThread 4 | HWThread 5 | HWThread 6 | HWThread 7 |
+-----------------------------+---------+------------+------------+------------+------------+------------+------------+------------+------------+
|      INSTR_RETIRED_ANY      |  FIXC0  |  614589300 |  175683800 |  172521000 |  174226800 |  174650700 |  174267300 |  175285300 |  173320300 |
|    CPU_CLK_UNHALTED_CORE    |  FIXC1  | 5023602000 | 4864312000 | 4794109000 | 4823602000 | 4839727000 | 4829234000 | 4853142000 | 4793629000 |
|     CPU_CLK_UNHALTED_REF    |  FIXC2  | 3932940000 | 3815094000 | 3760401000 | 3783382000 | 3796026000 | 3787783000 | 3806425000 | 3760022000 |
|  MEM_INST_RETIRED_ALL_LOADS |   PMC0  |  223126100 |   63076260 |   62624420 |   62868150 |   62928660 |   62873900 |   63019330 |   62738620 |
| MEM_INST_RETIRED_ALL_STORES |   PMC1  |  160216800 |   62530490 |   62530490 |   62530540 |   62530490 |   62530490 |   62530490 |   62530490 |
+-----------------------------+---------+------------+------------+------------+------------+------------+------------+------------+------------+

+----------------------------------+---------+-------------+------------+------------+--------------+
|               Event              | Counter |     Sum     |     Min    |     Max    |      Avg     |
+----------------------------------+---------+-------------+------------+------------+--------------+
|      INSTR_RETIRED_ANY STAT      |  FIXC0  |  1834544500 |  172521000 |  614589300 | 2.293181e+08 |
|    CPU_CLK_UNHALTED_CORE STAT    |  FIXC1  | 38821357000 | 4793629000 | 5023602000 |   4852669625 |
|     CPU_CLK_UNHALTED_REF STAT    |  FIXC2  | 30442073000 | 3760022000 | 3932940000 |   3805259125 |
|  MEM_INST_RETIRED_ALL_LOADS STAT |   PMC0  |   663255440 |   62624420 |  223126100 |     82906930 |
| MEM_INST_RETIRED_ALL_STORES STAT |   PMC1  |   597930280 |   62530490 |  160216800 |     74741285 |
+----------------------------------+---------+-------------+------------+------------+--------------+

+----------------------+------------+------------+------------+------------+------------+------------+------------+------------+
|        Metric        | HWThread 0 | HWThread 1 | HWThread 2 | HWThread 3 | HWThread 4 | HWThread 5 | HWThread 6 | HWThread 7 |
+----------------------+------------+------------+------------+------------+------------+------------+------------+------------+
|  Runtime (RDTSC) [s] |     1.1073 |     1.0647 |     1.0491 |     1.0555 |     1.0594 |     1.0569 |     1.0620 |     1.0492 |
| Runtime unhalted [s] |     1.3954 |     1.3512 |     1.3317 |     1.3399 |     1.3443 |     1.3414 |     1.3481 |     1.3315 |
|      Clock [MHz]     |  4598.4162 |  4590.1465 |  4589.6980 |  4589.8833 |  4589.8877 |  4589.9032 |  4590.0360 |  4589.7011 |
|          CPI         |     8.1739 |    27.6879 |    27.7886 |    27.6858 |    27.7109 |    27.7116 |    27.6871 |    27.6576 |
|  Load to store ratio |     1.3927 |     1.0087 |     1.0015 |     1.0054 |     1.0064 |     1.0055 |     1.0078 |     1.0033 |
+----------------------+------------+------------+------------+------------+------------+------------+------------+------------+

+---------------------------+------------+-----------+-----------+-----------+
|           Metric          |     Sum    |    Min    |    Max    |    Avg    |
+---------------------------+------------+-----------+-----------+-----------+
|  Runtime (RDTSC) [s] STAT |     8.5041 |    1.0491 |    1.1073 |    1.0630 |
| Runtime unhalted [s] STAT |    10.7835 |    1.3315 |    1.3954 |    1.3479 |
|      Clock [MHz] STAT     | 36727.6720 | 4589.6980 | 4598.4162 | 4590.9590 |
|          CPI STAT         |   202.1034 |    8.1739 |   27.7886 |   25.2629 |
|  Load to store ratio STAT |     8.4313 |    1.0015 |    1.3927 |    1.0539 |
+---------------------------+------------+-----------+-----------+-----------+

Region SCALE, Group 1: DATA
+-------------------+------------+------------+------------+------------+------------+------------+------------+------------+
|    Region Info    | HWThread 0 | HWThread 1 | HWThread 2 | HWThread 3 | HWThread 4 | HWThread 5 | HWThread 6 | HWThread 7 |
+-------------------+------------+------------+------------+------------+------------+------------+------------+------------+
| RDTSC Runtime [s] |   1.052231 |   1.052255 |   1.052235 |   1.052279 |   1.052230 |   1.052275 |   1.052250 |   1.052245 |
|     call count    |         50 |         50 |         50 |         50 |         50 |         50 |         50 |         50 |
+-------------------+------------+------------+------------+------------+------------+------------+------------+------------+

+-----------------------------+---------+------------+------------+------------+------------+------------+------------+------------+------------+
|            Event            | Counter | HWThread 0 | HWThread 1 | HWThread 2 | HWThread 3 | HWThread 4 | HWThread 5 | HWThread 6 | HWThread 7 |
+-----------------------------+---------+------------+------------+------------+------------+------------+------------+------------+------------+
|      INSTR_RETIRED_ANY      |  FIXC0  |  172630600 |  172433200 |  172590100 |  173085000 |  172359600 |  172589300 |  172620300 |  173213800 |
|    CPU_CLK_UNHALTED_CORE    |  FIXC1  | 4806187000 | 4807281000 | 4807321000 | 4808810000 | 4807072000 | 4808920000 | 4808839000 | 4806979000 |
|     CPU_CLK_UNHALTED_REF    |  FIXC2  | 3769851000 | 3770697000 | 3770721000 | 3771909000 | 3770535000 | 3772005000 | 3771922000 | 3770469000 |
|  MEM_INST_RETIRED_ALL_LOADS |   PMC0  |   62637480 |   62611980 |   62634400 |   62705130 |   62601460 |   62634290 |   62638720 |   62723510 |
| MEM_INST_RETIRED_ALL_STORES |   PMC1  |   62533660 |   62530550 |   62530550 |   62530600 |   62530570 |   62530570 |   62530570 |   62530570 |
+-----------------------------+---------+------------+------------+------------+------------+------------+------------+------------+------------+

+----------------------------------+---------+-------------+------------+------------+--------------+
|               Event              | Counter |     Sum     |     Min    |     Max    |      Avg     |
+----------------------------------+---------+-------------+------------+------------+--------------+
|      INSTR_RETIRED_ANY STAT      |  FIXC0  |  1381521900 |  172359600 |  173213800 | 1.726902e+08 |
|    CPU_CLK_UNHALTED_CORE STAT    |  FIXC1  | 38461409000 | 4806187000 | 4808920000 |   4807676125 |
|     CPU_CLK_UNHALTED_REF STAT    |  FIXC2  | 30168109000 | 3769851000 | 3772005000 |   3771013625 |
|  MEM_INST_RETIRED_ALL_LOADS STAT |   PMC0  |   501186970 |   62601460 |   62723510 | 6.264837e+07 |
| MEM_INST_RETIRED_ALL_STORES STAT |   PMC1  |   500247640 |   62530550 |   62533660 |     62530955 |
+----------------------------------+---------+-------------+------------+------------+--------------+

+----------------------+------------+------------+------------+------------+------------+------------+------------+------------+
|        Metric        | HWThread 0 | HWThread 1 | HWThread 2 | HWThread 3 | HWThread 4 | HWThread 5 | HWThread 6 | HWThread 7 |
+----------------------+------------+------------+------------+------------+------------+------------+------------+------------+
|  Runtime (RDTSC) [s] |     1.0522 |     1.0523 |     1.0522 |     1.0523 |     1.0522 |     1.0523 |     1.0522 |     1.0522 |
| Runtime unhalted [s] |     1.3350 |     1.3353 |     1.3353 |     1.3358 |     1.3353 |     1.3358 |     1.3358 |     1.3352 |
|      Clock [MHz]     |  4589.7269 |  4589.7417 |  4589.7506 |  4589.7262 |  4589.7393 |  4589.7144 |  4589.7381 |  4589.7309 |
|          CPI         |    27.8409 |    27.8791 |    27.8540 |    27.7829 |    27.8898 |    27.8634 |    27.8579 |    27.7517 |
|  Load to store ratio |     1.0017 |     1.0013 |     1.0017 |     1.0028 |     1.0011 |     1.0017 |     1.0017 |     1.0031 |
+----------------------+------------+------------+------------+------------+------------+------------+------------+------------+

+---------------------------+------------+-----------+-----------+-----------+
|           Metric          |     Sum    |    Min    |    Max    |    Avg    |
+---------------------------+------------+-----------+-----------+-----------+
|  Runtime (RDTSC) [s] STAT |     8.4179 |    1.0522 |    1.0523 |    1.0522 |
| Runtime unhalted [s] STAT |    10.6835 |    1.3350 |    1.3358 |    1.3354 |
|      Clock [MHz] STAT     | 36717.8681 | 4589.7144 | 4589.7506 | 4589.7335 |
|          CPI STAT         |   222.7197 |   27.7517 |   27.8898 |   27.8400 |
|  Load to store ratio STAT |     8.0151 |    1.0011 |    1.0031 |    1.0019 |
+---------------------------+------------+-----------+-----------+-----------+

Region ADD, Group 1: DATA
+-------------------+------------+------------+------------+------------+------------+------------+------------+------------+
|    Region Info    | HWThread 0 | HWThread 1 | HWThread 2 | HWThread 3 | HWThread 4 | HWThread 5 | HWThread 6 | HWThread 7 |
+-------------------+------------+------------+------------+------------+------------+------------+------------+------------+
| RDTSC Runtime [s] |   1.396764 |   1.396778 |   1.396728 |   1.396716 |   1.396746 |   1.396790 |   1.396725 |   1.396735 |
|     call count    |         50 |         50 |         50 |         50 |         50 |         50 |         50 |         50 |
+-------------------+------------+------------+------------+------------+------------+------------+------------+------------+

+-----------------------------+---------+------------+------------+------------+------------+------------+------------+------------+------------+
|            Event            | Counter | HWThread 0 | HWThread 1 | HWThread 2 | HWThread 3 | HWThread 4 | HWThread 5 | HWThread 6 | HWThread 7 |
+-----------------------------+---------+------------+------------+------------+------------+------------+------------+------------+------------+
|      INSTR_RETIRED_ANY      |  FIXC0  |  236975800 |  234778000 |  235309600 |  235751500 |  234998100 |  235030900 |  235253500 |  237618700 |
|    CPU_CLK_UNHALTED_CORE    |  FIXC1  | 6399804000 | 6401609000 | 6403028000 | 6402618000 | 6401619000 | 6403450000 | 6402845000 | 6401763000 |
|     CPU_CLK_UNHALTED_REF    |  FIXC2  | 5019950000 | 5021362000 | 5022480000 | 5022159000 | 5021370000 | 5022802000 | 5022336000 | 5021485000 |
|  MEM_INST_RETIRED_ALL_LOADS |   PMC0  |  125392700 |  125081600 |  125157500 |  125220700 |  125113000 |  125117700 |  125149500 |  125487400 |
| MEM_INST_RETIRED_ALL_STORES |   PMC1  |   62533600 |   62530700 |   62530700 |   62530790 |   62530720 |   62530720 |   62530720 |   62530720 |
+-----------------------------+---------+------------+------------+------------+------------+------------+------------+------------+------------+

+----------------------------------+---------+-------------+------------+------------+--------------+
|               Event              | Counter |     Sum     |     Min    |     Max    |      Avg     |
+----------------------------------+---------+-------------+------------+------------+--------------+
|      INSTR_RETIRED_ANY STAT      |  FIXC0  |  1885716100 |  234778000 |  237618700 | 2.357145e+08 |
|    CPU_CLK_UNHALTED_CORE STAT    |  FIXC1  | 51216736000 | 6399804000 | 6403450000 |   6402092000 |
|     CPU_CLK_UNHALTED_REF STAT    |  FIXC2  | 40173944000 | 5019950000 | 5022802000 |   5021743000 |
|  MEM_INST_RETIRED_ALL_LOADS STAT |   PMC0  |  1001720100 |  125081600 |  125487400 | 1.252150e+08 |
| MEM_INST_RETIRED_ALL_STORES STAT |   PMC1  |   500248670 |   62530700 |   62533600 | 6.253108e+07 |
+----------------------------------+---------+-------------+------------+------------+--------------+

+----------------------+------------+------------+------------+------------+------------+------------+------------+------------+
|        Metric        | HWThread 0 | HWThread 1 | HWThread 2 | HWThread 3 | HWThread 4 | HWThread 5 | HWThread 6 | HWThread 7 |
+----------------------+------------+------------+------------+------------+------------+------------+------------+------------+
|  Runtime (RDTSC) [s] |     1.3968 |     1.3968 |     1.3967 |     1.3967 |     1.3967 |     1.3968 |     1.3967 |     1.3967 |
| Runtime unhalted [s] |     1.7777 |     1.7782 |     1.7786 |     1.7785 |     1.7782 |     1.7787 |     1.7785 |     1.7782 |
|      Clock [MHz]     |  4589.6297 |  4589.6332 |  4589.6287 |  4589.6282 |  4589.6331 |  4589.6370 |  4589.6291 |  4589.6312 |
|          CPI         |    27.0061 |    27.2666 |    27.2111 |    27.1583 |    27.2412 |    27.2451 |    27.2168 |    26.9413 |
|  Load to store ratio |     2.0052 |     2.0003 |     2.0015 |     2.0025 |     2.0008 |     2.0009 |     2.0014 |     2.0068 |
+----------------------+------------+------------+------------+------------+------------+------------+------------+------------+

+---------------------------+------------+-----------+-----------+-----------+
|           Metric          |     Sum    |    Min    |    Max    |    Avg    |
+---------------------------+------------+-----------+-----------+-----------+
|  Runtime (RDTSC) [s] STAT |    11.1739 |    1.3967 |    1.3968 |    1.3967 |
| Runtime unhalted [s] STAT |    14.2266 |    1.7777 |    1.7787 |    1.7783 |
|      Clock [MHz] STAT     | 36717.0502 | 4589.6282 | 4589.6370 | 4589.6313 |
|          CPI STAT         |   217.2865 |   26.9413 |   27.2666 |   27.1608 |
|  Load to store ratio STAT |    16.0194 |    2.0003 |    2.0068 |    2.0024 |
+---------------------------+------------+-----------+-----------+-----------+

Region TRIAD, Group 1: DATA
+-------------------+------------+------------+------------+------------+------------+------------+------------+------------+
|    Region Info    | HWThread 0 | HWThread 1 | HWThread 2 | HWThread 3 | HWThread 4 | HWThread 5 | HWThread 6 | HWThread 7 |
+-------------------+------------+------------+------------+------------+------------+------------+------------+------------+
| RDTSC Runtime [s] |   1.399329 |   1.399330 |   1.399299 |   1.399363 |   1.399286 |   1.399332 |   1.399312 |   1.399287 |
|     call count    |         50 |         50 |         50 |         50 |         50 |         50 |         50 |         50 |
+-------------------+------------+------------+------------+------------+------------+------------+------------+------------+

+-----------------------------+---------+------------+------------+------------+------------+------------+------------+------------+------------+
|            Event            | Counter | HWThread 0 | HWThread 1 | HWThread 2 | HWThread 3 | HWThread 4 | HWThread 5 | HWThread 6 | HWThread 7 |
+-----------------------------+---------+------------+------------+------------+------------+------------+------------+------------+------------+
|      INSTR_RETIRED_ANY      |  FIXC0  |  236813000 |  234807800 |  235367800 |  235699600 |  234881400 |  235129000 |  235225000 |  237700300 |
|    CPU_CLK_UNHALTED_CORE    |  FIXC1  | 6394191000 | 6397117000 | 6397948000 | 6398776000 | 6397055000 | 6398376000 | 6398721000 | 6398789000 |
|     CPU_CLK_UNHALTED_REF    |  FIXC2  | 5015439000 | 5017734000 | 5018384000 | 5019031000 | 5017681000 | 5018704000 | 5019005000 | 5019039000 |
|  MEM_INST_RETIRED_ALL_LOADS |   PMC0  |  125377900 |  125094300 |  125174300 |  125221700 |  125104800 |  125140100 |  125153800 |  125507500 |
| MEM_INST_RETIRED_ALL_STORES |   PMC1  |   62533660 |   62530810 |   62530820 |   62530800 |   62530770 |   62530770 |   62530770 |   62530770 |
+-----------------------------+---------+------------+------------+------------+------------+------------+------------+------------+------------+

+----------------------------------+---------+-------------+------------+------------+--------------+
|               Event              | Counter |     Sum     |     Min    |     Max    |      Avg     |
+----------------------------------+---------+-------------+------------+------------+--------------+
|      INSTR_RETIRED_ANY STAT      |  FIXC0  |  1885623900 |  234807800 |  237700300 | 2.357030e+08 |
|    CPU_CLK_UNHALTED_CORE STAT    |  FIXC1  | 51180973000 | 6394191000 | 6398789000 |   6397621625 |
|     CPU_CLK_UNHALTED_REF STAT    |  FIXC2  | 40145017000 | 5015439000 | 5019039000 |   5018127125 |
|  MEM_INST_RETIRED_ALL_LOADS STAT |   PMC0  |  1001774400 |  125094300 |  125507500 |    125221800 |
| MEM_INST_RETIRED_ALL_STORES STAT |   PMC1  |   500249170 |   62530770 |   62533660 | 6.253115e+07 |
+----------------------------------+---------+-------------+------------+------------+--------------+

+----------------------+------------+------------+------------+------------+------------+------------+------------+------------+
|        Metric        | HWThread 0 | HWThread 1 | HWThread 2 | HWThread 3 | HWThread 4 | HWThread 5 | HWThread 6 | HWThread 7 |
+----------------------+------------+------------+------------+------------+------------+------------+------------+------------+
|  Runtime (RDTSC) [s] |     1.3993 |     1.3993 |     1.3993 |     1.3994 |     1.3993 |     1.3993 |     1.3993 |     1.3993 |
| Runtime unhalted [s] |     1.7761 |     1.7769 |     1.7772 |     1.7774 |     1.7769 |     1.7773 |     1.7774 |     1.7774 |
|      Clock [MHz]     |  4589.7288 |  4589.7288 |  4589.7305 |  4589.7327 |  4589.7328 |  4589.7449 |  4589.7171 |  4589.7348 |
|          CPI         |    27.0010 |    27.2441 |    27.1828 |    27.1480 |    27.2353 |    27.2122 |    27.2026 |    26.9196 |
|  Load to store ratio |     2.0050 |     2.0005 |     2.0018 |     2.0026 |     2.0007 |     2.0013 |     2.0015 |     2.0071 |
+----------------------+------------+------------+------------+------------+------------+------------+------------+------------+

+---------------------------+------------+-----------+-----------+-----------+
|           Metric          |     Sum    |    Min    |    Max    |    Avg    |
+---------------------------+------------+-----------+-----------+-----------+
|  Runtime (RDTSC) [s] STAT |    11.1945 |    1.3993 |    1.3994 |    1.3993 |
| Runtime unhalted [s] STAT |    14.2166 |    1.7761 |    1.7774 |    1.7771 |
|      Clock [MHz] STAT     | 36717.8504 | 4589.7171 | 4589.7449 | 4589.7313 |
|          CPI STAT         |   217.1456 |   26.9196 |   27.2441 |   27.1432 |
|  Load to store ratio STAT |    16.0205 |    2.0005 |    2.0071 |    2.0026 |
+---------------------------+------------+-----------+-----------+-----------+

