##################### FLOPS_DP #####################
--------------------------------------------------------------------------------
CPU name:	11th Gen Intel(R) Core(TM) i7-11700K @ 3.60GHz
CPU type:	Intel Rocketlake processor
CPU clock:	3.60 GHz
--------------------------------------------------------------------------------
LIKWID.get_processor_id_glibc() = 0
(threadid(), LIKWID.get_processor_id_glibc() + 1) = (1, 1)
(threadid(), LIKWID.get_processor_id_glibc() + 1) = (6, 6)
(threadid(), LIKWID.get_processor_id_glibc() + 1) = (8, 8)
(threadid(), LIKWID.get_processor_id_glibc() + 1) = (7, 7)
(threadid(), LIKWID.get_processor_id_glibc() + 1) = (5, 5)
(threadid(), LIKWID.get_processor_id_glibc() + 1) = (2, 2)
(threadid(), LIKWID.get_processor_id_glibc() + 1) = (4, 4)
(threadid(), LIKWID.get_processor_id_glibc() + 1) = (3, 3)
-------------------------------------------------------------
This system uses 8 bytes per DOUBLE PRECISION word.
-------------------------------------------------------------
Array size = 40000000, Offset = 0
Total memory required = 915.5 MB.
Each test is run 50 times, but only
the *best* time for each is used.
-------------------------------------------------------------
Your clock granularity/precision appears to be 1 microseconds.
Each test below will take on the order of 27225 microseconds.
   (= 27225 clock ticks)
Increase the size of the arrays if this shows that
you are not getting at least 20 clock ticks per test.
-------------------------------------------------------------
WARNING -- The above is only a rough guideline.
For best results, please be sure you know the
precision of your system timer.
-------------------------------------------------------------
Function      Rate (MB/s)   Avg time     Min time     Max time
Copy:       30308.7443       0.0212       0.0211       0.0218
Scale:      30211.5266       0.0213       0.0212       0.0217
Add:        34223.5015       0.0282       0.0281       0.0287
Triad:      34159.9165       0.0282       0.0281       0.0288
-------------------------------------------------------------
Solution Validates
-------------------------------------------------------------
--------------------------------------------------------------------------------
Region COPY, Group 1: FLOPS_DP
+-------------------+------------+------------+------------+------------+------------+------------+------------+------------+
|    Region Info    | HWThread 0 | HWThread 1 | HWThread 2 | HWThread 3 | HWThread 4 | HWThread 5 | HWThread 6 | HWThread 7 |
+-------------------+------------+------------+------------+------------+------------+------------+------------+------------+
| RDTSC Runtime [s] |   1.140355 |   1.094083 |   1.083932 |   1.094186 |   1.094187 |   1.084027 |   1.089272 |   1.081698 |
|     call count    |         50 |         50 |         50 |         50 |         50 |         50 |         50 |         50 |
+-------------------+------------+------------+------------+------------+------------+------------+------------+------------+

+------------------------------------------+---------+------------+------------+------------+------------+------------+------------+------------+------------+
|                   Event                  | Counter | HWThread 0 | HWThread 1 | HWThread 2 | HWThread 3 | HWThread 4 | HWThread 5 | HWThread 6 | HWThread 7 |
+------------------------------------------+---------+------------+------------+------------+------------+------------+------------+------------+------------+
|             INSTR_RETIRED_ANY            |  FIXC0  |  274248700 |  184160700 |  185175700 |  245281900 |  185152600 |  185121200 |  185521300 |  184806800 |
|           CPU_CLK_UNHALTED_CORE          |  FIXC1  | 4917940000 | 4929506000 | 4915658000 | 4908594000 | 4914474000 | 4915280000 | 4919797000 | 4911259000 |
|           CPU_CLK_UNHALTED_REF           |  FIXC2  | 3857503000 | 3866587000 | 3855731000 | 3850199000 | 3854778000 | 3855426000 | 3858968000 | 3852289000 |
| FP_ARITH_INST_RETIRED_128B_PACKED_DOUBLE |   PMC0  |          0 |          0 |          0 |          0 |          0 |          0 |          0 |          0 |
|    FP_ARITH_INST_RETIRED_SCALAR_DOUBLE   |   PMC1  |        632 |        550 |        550 |        633 |        550 |        550 |        550 |        550 |
| FP_ARITH_INST_RETIRED_256B_PACKED_DOUBLE |   PMC2  |          0 |          0 |          0 |          0 |          0 |          0 |          0 |          0 |
| FP_ARITH_INST_RETIRED_512B_PACKED_DOUBLE |   PMC3  |          0 |          0 |          0 |          0 |          0 |          0 |          0 |          0 |
+------------------------------------------+---------+------------+------------+------------+------------+------------+------------+------------+------------+

+-----------------------------------------------+---------+-------------+------------+------------+--------------+
|                     Event                     | Counter |     Sum     |     Min    |     Max    |      Avg     |
+-----------------------------------------------+---------+-------------+------------+------------+--------------+
|             INSTR_RETIRED_ANY STAT            |  FIXC0  |  1629468900 |  184160700 |  274248700 | 2.036836e+08 |
|           CPU_CLK_UNHALTED_CORE STAT          |  FIXC1  | 39332508000 | 4908594000 | 4929506000 |   4916563500 |
|           CPU_CLK_UNHALTED_REF STAT           |  FIXC2  | 30851481000 | 3850199000 | 3866587000 |   3856435125 |
| FP_ARITH_INST_RETIRED_128B_PACKED_DOUBLE STAT |   PMC0  |           0 |          0 |          0 |            0 |
|    FP_ARITH_INST_RETIRED_SCALAR_DOUBLE STAT   |   PMC1  |        4565 |        550 |        633 |     570.6250 |
| FP_ARITH_INST_RETIRED_256B_PACKED_DOUBLE STAT |   PMC2  |           0 |          0 |          0 |            0 |
| FP_ARITH_INST_RETIRED_512B_PACKED_DOUBLE STAT |   PMC3  |           0 |          0 |          0 |            0 |
+-----------------------------------------------+---------+-------------+------------+------------+--------------+

+----------------------+------------+------------+------------+------------+------------+------------+------------+------------+
|        Metric        | HWThread 0 | HWThread 1 | HWThread 2 | HWThread 3 | HWThread 4 | HWThread 5 | HWThread 6 | HWThread 7 |
+----------------------+------------+------------+------------+------------+------------+------------+------------+------------+
|  Runtime (RDTSC) [s] |     1.1404 |     1.0941 |     1.0839 |     1.0942 |     1.0942 |     1.0840 |     1.0893 |     1.0817 |
| Runtime unhalted [s] |     1.3661 |     1.3693 |     1.3655 |     1.3635 |     1.3651 |     1.3653 |     1.3666 |     1.3642 |
|      Clock [MHz]     |  4589.6738 |  4589.6596 |  4589.6524 |  4589.6419 |  4589.6813 |  4589.6625 |  4589.6638 |  4589.6423 |
|          CPI         |    17.9324 |    26.7674 |    26.5459 |    20.0121 |    26.5428 |    26.5517 |    26.5188 |    26.5751 |
|     DP [MFLOP/s]     |     0.0006 |     0.0005 |     0.0005 |     0.0006 |     0.0005 |     0.0005 |     0.0005 |     0.0005 |
|   AVX DP [MFLOP/s]   |          0 |          0 |          0 |          0 |          0 |          0 |          0 |          0 |
|  AVX512 DP [MFLOP/s] |          0 |          0 |          0 |          0 |          0 |          0 |          0 |          0 |
|   Packed [MUOPS/s]   |          0 |          0 |          0 |          0 |          0 |          0 |          0 |          0 |
|   Scalar [MUOPS/s]   |     0.0006 |     0.0005 |     0.0005 |     0.0006 |     0.0005 |     0.0005 |     0.0005 |     0.0005 |
|  Vectorization ratio |          0 |          0 |          0 |          0 |          0 |          0 |          0 |          0 |
+----------------------+------------+------------+------------+------------+------------+------------+------------+------------+

+---------------------------+------------+-----------+-----------+-----------+
|           Metric          |     Sum    |    Min    |    Max    |    Avg    |
+---------------------------+------------+-----------+-----------+-----------+
|  Runtime (RDTSC) [s] STAT |     8.7618 |    1.0817 |    1.1404 |    1.0952 |
| Runtime unhalted [s] STAT |    10.9256 |    1.3635 |    1.3693 |    1.3657 |
|      Clock [MHz] STAT     | 36717.2776 | 4589.6419 | 4589.6813 | 4589.6597 |
|          CPI STAT         |   197.4462 |   17.9324 |   26.7674 |   24.6808 |
|     DP [MFLOP/s] STAT     |     0.0042 |    0.0005 |    0.0006 |    0.0005 |
|   AVX DP [MFLOP/s] STAT   |          0 |         0 |         0 |         0 |
|  AVX512 DP [MFLOP/s] STAT |          0 |         0 |         0 |         0 |
|   Packed [MUOPS/s] STAT   |          0 |         0 |         0 |         0 |
|   Scalar [MUOPS/s] STAT   |     0.0042 |    0.0005 |    0.0006 |    0.0005 |
|  Vectorization ratio STAT |          0 |         0 |         0 |         0 |
+---------------------------+------------+-----------+-----------+-----------+

Region SCALE, Group 1: FLOPS_DP
+-------------------+------------+------------+------------+------------+------------+------------+------------+------------+
|    Region Info    | HWThread 0 | HWThread 1 | HWThread 2 | HWThread 3 | HWThread 4 | HWThread 5 | HWThread 6 | HWThread 7 |
+-------------------+------------+------------+------------+------------+------------+------------+------------+------------+
| RDTSC Runtime [s] |   1.081911 |   1.081675 |   1.081812 |   1.081776 |   1.081876 |   1.081926 |   1.081993 |   1.082033 |
|     call count    |         50 |         50 |         50 |         50 |         50 |         50 |         50 |         50 |
+-------------------+------------+------------+------------+------------+------------+------------+------------+------------+

+------------------------------------------+---------+------------+------------+------------+------------+------------+------------+------------+------------+
|                   Event                  | Counter | HWThread 0 | HWThread 1 | HWThread 2 | HWThread 3 | HWThread 4 | HWThread 5 | HWThread 6 | HWThread 7 |
+------------------------------------------+---------+------------+------------+------------+------------+------------+------------+------------+------------+
|             INSTR_RETIRED_ANY            |  FIXC0  |  241523600 |  183266700 |  274057100 |  184782000 |  184508100 |  184836000 |  185031000 |  184266400 |
|           CPU_CLK_UNHALTED_CORE          |  FIXC1  | 4920294000 | 4925866000 | 4914234000 | 4916796000 | 4913324000 | 4917214000 | 4919690000 | 4909758000 |
|           CPU_CLK_UNHALTED_REF           |  FIXC2  | 3859621000 | 3863988000 | 3854885000 | 3856883000 | 3854169000 | 3857214000 | 3859152000 | 3851364000 |
| FP_ARITH_INST_RETIRED_128B_PACKED_DOUBLE |   PMC0  |          0 |          0 |          0 |          0 |          0 |          0 |          0 |          0 |
|    FP_ARITH_INST_RETIRED_SCALAR_DOUBLE   |   PMC1  |        633 |        550 |        632 |        550 |        550 |        550 |        550 |        550 |
| FP_ARITH_INST_RETIRED_256B_PACKED_DOUBLE |   PMC2  |   62500000 |   62500000 |   62500000 |   62500000 |   62500000 |   62500000 |   62500000 |   62500000 |
| FP_ARITH_INST_RETIRED_512B_PACKED_DOUBLE |   PMC3  |          0 |          0 |          0 |          0 |          0 |          0 |          0 |          0 |
+------------------------------------------+---------+------------+------------+------------+------------+------------+------------+------------+------------+

+-----------------------------------------------+---------+-------------+------------+------------+--------------+
|                     Event                     | Counter |     Sum     |     Min    |     Max    |      Avg     |
+-----------------------------------------------+---------+-------------+------------+------------+--------------+
|             INSTR_RETIRED_ANY STAT            |  FIXC0  |  1622270900 |  183266700 |  274057100 | 2.027839e+08 |
|           CPU_CLK_UNHALTED_CORE STAT          |  FIXC1  | 39337176000 | 4909758000 | 4925866000 |   4917147000 |
|           CPU_CLK_UNHALTED_REF STAT           |  FIXC2  | 30857276000 | 3851364000 | 3863988000 |   3857159500 |
| FP_ARITH_INST_RETIRED_128B_PACKED_DOUBLE STAT |   PMC0  |           0 |          0 |          0 |            0 |
|    FP_ARITH_INST_RETIRED_SCALAR_DOUBLE STAT   |   PMC1  |        4565 |        550 |        633 |     570.6250 |
| FP_ARITH_INST_RETIRED_256B_PACKED_DOUBLE STAT |   PMC2  |   500000000 |   62500000 |   62500000 |     62500000 |
| FP_ARITH_INST_RETIRED_512B_PACKED_DOUBLE STAT |   PMC3  |           0 |          0 |          0 |            0 |
+-----------------------------------------------+---------+-------------+------------+------------+--------------+

+----------------------+------------+------------+------------+------------+------------+------------+------------+------------+
|        Metric        | HWThread 0 | HWThread 1 | HWThread 2 | HWThread 3 | HWThread 4 | HWThread 5 | HWThread 6 | HWThread 7 |
+----------------------+------------+------------+------------+------------+------------+------------+------------+------------+
|  Runtime (RDTSC) [s] |     1.0819 |     1.0817 |     1.0818 |     1.0818 |     1.0819 |     1.0819 |     1.0820 |     1.0820 |
| Runtime unhalted [s] |     1.3667 |     1.3683 |     1.3651 |     1.3658 |     1.3648 |     1.3659 |     1.3666 |     1.3638 |
|      Clock [MHz]     |  4589.3508 |  4589.3554 |  4589.3298 |  4589.3438 |  4589.3324 |  4589.3401 |  4589.3451 |  4589.3416 |
|          CPI         |    20.3719 |    26.8781 |    17.9314 |    26.6086 |    26.6293 |    26.6031 |    26.5885 |    26.6449 |
|     DP [MFLOP/s]     |   231.0732 |   231.1235 |   231.0943 |   231.1020 |   231.0806 |   231.0699 |   231.0556 |   231.0471 |
|   AVX DP [MFLOP/s]   |   231.0726 |   231.1230 |   231.0938 |   231.1014 |   231.0801 |   231.0694 |   231.0551 |   231.0466 |
|  AVX512 DP [MFLOP/s] |          0 |          0 |          0 |          0 |          0 |          0 |          0 |          0 |
|   Packed [MUOPS/s]   |    57.7682 |    57.7808 |    57.7734 |    57.7754 |    57.7700 |    57.7674 |    57.7638 |    57.7616 |
|   Scalar [MUOPS/s]   |     0.0006 |     0.0005 |     0.0006 |     0.0005 |     0.0005 |     0.0005 |     0.0005 |     0.0005 |
|  Vectorization ratio |    99.9990 |    99.9991 |    99.9990 |    99.9991 |    99.9991 |    99.9991 |    99.9991 |    99.9991 |
+----------------------+------------+------------+------------+------------+------------+------------+------------+------------+

+---------------------------+------------+-----------+-----------+-----------+
|           Metric          |     Sum    |    Min    |    Max    |    Avg    |
+---------------------------+------------+-----------+-----------+-----------+
|  Runtime (RDTSC) [s] STAT |     8.6550 |    1.0817 |    1.0820 |    1.0819 |
| Runtime unhalted [s] STAT |    10.9270 |    1.3638 |    1.3683 |    1.3659 |
|      Clock [MHz] STAT     | 36714.7390 | 4589.3298 | 4589.3554 | 4589.3424 |
|          CPI STAT         |   198.2558 |   17.9314 |   26.8781 |   24.7820 |
|     DP [MFLOP/s] STAT     |  1848.6462 |  231.0471 |  231.1235 |  231.0808 |
|   AVX DP [MFLOP/s] STAT   |  1848.6420 |  231.0466 |  231.1230 |  231.0803 |
|  AVX512 DP [MFLOP/s] STAT |          0 |         0 |         0 |         0 |
|   Packed [MUOPS/s] STAT   |   462.1606 |   57.7616 |   57.7808 |   57.7701 |
|   Scalar [MUOPS/s] STAT   |     0.0042 |    0.0005 |    0.0006 |    0.0005 |
|  Vectorization ratio STAT |   799.9926 |   99.9990 |   99.9991 |   99.9991 |
+---------------------------+------------+-----------+-----------+-----------+

Region ADD, Group 1: FLOPS_DP
+-------------------+------------+------------+------------+------------+------------+------------+------------+------------+
|    Region Info    | HWThread 0 | HWThread 1 | HWThread 2 | HWThread 3 | HWThread 4 | HWThread 5 | HWThread 6 | HWThread 7 |
+-------------------+------------+------------+------------+------------+------------+------------+------------+------------+
| RDTSC Runtime [s] |   1.427329 |   1.427058 |   1.427177 |   1.427273 |   1.427241 |   1.427371 |   1.427448 |   1.427461 |
|     call count    |         50 |         50 |         50 |         50 |         50 |         50 |         50 |         50 |
+-------------------+------------+------------+------------+------------+------------+------------+------------+------------+

+------------------------------------------+---------+------------+------------+------------+------------+------------+------------+------------+------------+
|                   Event                  | Counter | HWThread 0 | HWThread 1 | HWThread 2 | HWThread 3 | HWThread 4 | HWThread 5 | HWThread 6 | HWThread 7 |
+------------------------------------------+---------+------------+------------+------------+------------+------------+------------+------------+------------+
|             INSTR_RETIRED_ANY            |  FIXC0  |  248435200 |  245606300 |  349235200 |  304819800 |  247796900 |  247676500 |  248044200 |  246029400 |
|           CPU_CLK_UNHALTED_CORE          |  FIXC1  | 6486463000 | 6526422000 | 6507129000 | 6504578000 | 6517953000 | 6518273000 | 6515432000 | 6469544000 |
|           CPU_CLK_UNHALTED_REF           |  FIXC2  | 5088682000 | 5120054000 | 5104917000 | 5102880000 | 5113397000 | 5113641000 | 5111438000 | 5075451000 |
| FP_ARITH_INST_RETIRED_128B_PACKED_DOUBLE |   PMC0  |          0 |          0 |          0 |          0 |          0 |          0 |          0 |          0 |
|    FP_ARITH_INST_RETIRED_SCALAR_DOUBLE   |   PMC1  |        553 |        550 |        632 |        633 |        550 |        550 |        550 |        550 |
| FP_ARITH_INST_RETIRED_256B_PACKED_DOUBLE |   PMC2  |   62500000 |   62500000 |   62500000 |   62500000 |   62500000 |   62500000 |   62500000 |   62500000 |
| FP_ARITH_INST_RETIRED_512B_PACKED_DOUBLE |   PMC3  |          0 |          0 |          0 |          0 |          0 |          0 |          0 |          0 |
+------------------------------------------+---------+------------+------------+------------+------------+------------+------------+------------+------------+

+-----------------------------------------------+---------+-------------+------------+------------+--------------+
|                     Event                     | Counter |     Sum     |     Min    |     Max    |      Avg     |
+-----------------------------------------------+---------+-------------+------------+------------+--------------+
|             INSTR_RETIRED_ANY STAT            |  FIXC0  |  2137643500 |  245606300 |  349235200 | 2.672054e+08 |
|           CPU_CLK_UNHALTED_CORE STAT          |  FIXC1  | 52045794000 | 6469544000 | 6526422000 |   6505724250 |
|           CPU_CLK_UNHALTED_REF STAT           |  FIXC2  | 40830460000 | 5075451000 | 5120054000 |   5103807500 |
| FP_ARITH_INST_RETIRED_128B_PACKED_DOUBLE STAT |   PMC0  |           0 |          0 |          0 |            0 |
|    FP_ARITH_INST_RETIRED_SCALAR_DOUBLE STAT   |   PMC1  |        4568 |        550 |        633 |          571 |
| FP_ARITH_INST_RETIRED_256B_PACKED_DOUBLE STAT |   PMC2  |   500000000 |   62500000 |   62500000 |     62500000 |
| FP_ARITH_INST_RETIRED_512B_PACKED_DOUBLE STAT |   PMC3  |           0 |          0 |          0 |            0 |
+-----------------------------------------------+---------+-------------+------------+------------+--------------+

+----------------------+------------+------------+------------+------------+------------+------------+------------+------------+
|        Metric        | HWThread 0 | HWThread 1 | HWThread 2 | HWThread 3 | HWThread 4 | HWThread 5 | HWThread 6 | HWThread 7 |
+----------------------+------------+------------+------------+------------+------------+------------+------------+------------+
|  Runtime (RDTSC) [s] |     1.4273 |     1.4271 |     1.4272 |     1.4273 |     1.4272 |     1.4274 |     1.4274 |     1.4275 |
| Runtime unhalted [s] |     1.8018 |     1.8129 |     1.8075 |     1.8068 |     1.8105 |     1.8106 |     1.8098 |     1.7971 |
|      Clock [MHz]     |  4588.8884 |  4588.8670 |  4588.8683 |  4588.9004 |  4588.8787 |  4588.8850 |  4588.8619 |  4588.8504 |
|          CPI         |    26.1093 |    26.5727 |    18.6325 |    21.3391 |    26.3036 |    26.3177 |    26.2672 |    26.2958 |
|     DP [MFLOP/s]     |   175.1527 |   175.1860 |   175.1714 |   175.1596 |   175.1635 |   175.1476 |   175.1381 |   175.1365 |
|   AVX DP [MFLOP/s]   |   175.1523 |   175.1856 |   175.1710 |   175.1592 |   175.1631 |   175.1472 |   175.1377 |   175.1361 |
|  AVX512 DP [MFLOP/s] |          0 |          0 |          0 |          0 |          0 |          0 |          0 |          0 |
|   Packed [MUOPS/s]   |    43.7881 |    43.7964 |    43.7927 |    43.7898 |    43.7908 |    43.7868 |    43.7844 |    43.7840 |
|   Scalar [MUOPS/s]   |     0.0004 |     0.0004 |     0.0004 |     0.0004 |     0.0004 |     0.0004 |     0.0004 |     0.0004 |
|  Vectorization ratio |    99.9991 |    99.9991 |    99.9990 |    99.9990 |    99.9991 |    99.9991 |    99.9991 |    99.9991 |
+----------------------+------------+------------+------------+------------+------------+------------+------------+------------+

+---------------------------+------------+-----------+-----------+-----------+
|           Metric          |     Sum    |    Min    |    Max    |    Avg    |
+---------------------------+------------+-----------+-----------+-----------+
|  Runtime (RDTSC) [s] STAT |    11.4184 |    1.4271 |    1.4275 |    1.4273 |
| Runtime unhalted [s] STAT |    14.4570 |    1.7971 |    1.8129 |    1.8071 |
|      Clock [MHz] STAT     | 36711.0001 | 4588.8504 | 4588.9004 | 4588.8750 |
|          CPI STAT         |   197.8379 |   18.6325 |   26.5727 |   24.7297 |
|     DP [MFLOP/s] STAT     |  1401.2554 |  175.1365 |  175.1860 |  175.1569 |
|   AVX DP [MFLOP/s] STAT   |  1401.2522 |  175.1361 |  175.1856 |  175.1565 |
|  AVX512 DP [MFLOP/s] STAT |          0 |         0 |         0 |         0 |
|   Packed [MUOPS/s] STAT   |   350.3130 |   43.7840 |   43.7964 |   43.7891 |
|   Scalar [MUOPS/s] STAT   |     0.0032 |    0.0004 |    0.0004 |    0.0004 |
|  Vectorization ratio STAT |   799.9926 |   99.9990 |   99.9991 |   99.9991 |
+---------------------------+------------+-----------+-----------+-----------+

Region TRIAD, Group 1: FLOPS_DP
+-------------------+------------+------------+------------+------------+------------+------------+------------+------------+
|    Region Info    | HWThread 0 | HWThread 1 | HWThread 2 | HWThread 3 | HWThread 4 | HWThread 5 | HWThread 6 | HWThread 7 |
+-------------------+------------+------------+------------+------------+------------+------------+------------+------------+
| RDTSC Runtime [s] |   1.430135 |   1.429828 |   1.429947 |   1.429994 |   1.430050 |   1.430130 |   1.430193 |   1.430272 |
|     call count    |         50 |         50 |         50 |         50 |         50 |         50 |         50 |         50 |
+-------------------+------------+------------+------------+------------+------------+------------+------------+------------+

+------------------------------------------+---------+------------+------------+------------+------------+------------+------------+------------+------------+
|                   Event                  | Counter | HWThread 0 | HWThread 1 | HWThread 2 | HWThread 3 | HWThread 4 | HWThread 5 | HWThread 6 | HWThread 7 |
+------------------------------------------+---------+------------+------------+------------+------------+------------+------------+------------+------------+
|             INSTR_RETIRED_ANY            |  FIXC0  |  248557300 |  348451600 |  247731400 |  304808700 |  247632500 |  247827300 |  248250700 |  246471100 |
|           CPU_CLK_UNHALTED_CORE          |  FIXC1  | 6483140000 | 6524688000 | 6504127000 | 6503187000 | 6514574000 | 6516795000 | 6514329000 | 6467174000 |
|           CPU_CLK_UNHALTED_REF           |  FIXC2  | 5086253000 | 5118868000 | 5102725000 | 5101995000 | 5110904000 | 5112647000 | 5110754000 | 5073753000 |
| FP_ARITH_INST_RETIRED_128B_PACKED_DOUBLE |   PMC0  |          0 |          0 |          0 |          0 |          0 |          0 |          0 |          0 |
|    FP_ARITH_INST_RETIRED_SCALAR_DOUBLE   |   PMC1  |        550 |        632 |        550 |        633 |        550 |        550 |        550 |        550 |
| FP_ARITH_INST_RETIRED_256B_PACKED_DOUBLE |   PMC2  |  125000000 |  125000000 |  125000000 |  125000000 |  125000000 |  125000000 |  125000000 |  125000000 |
| FP_ARITH_INST_RETIRED_512B_PACKED_DOUBLE |   PMC3  |          0 |          0 |          0 |          0 |          0 |          0 |          0 |          0 |
+------------------------------------------+---------+------------+------------+------------+------------+------------+------------+------------+------------+

+-----------------------------------------------+---------+-------------+------------+------------+------------+
|                     Event                     | Counter |     Sum     |     Min    |     Max    |     Avg    |
+-----------------------------------------------+---------+-------------+------------+------------+------------+
|             INSTR_RETIRED_ANY STAT            |  FIXC0  |  2139730600 |  246471100 |  348451600 |  267466325 |
|           CPU_CLK_UNHALTED_CORE STAT          |  FIXC1  | 52028014000 | 6467174000 | 6524688000 | 6503501750 |
|           CPU_CLK_UNHALTED_REF STAT           |  FIXC2  | 40817899000 | 5073753000 | 5118868000 | 5102237375 |
| FP_ARITH_INST_RETIRED_128B_PACKED_DOUBLE STAT |   PMC0  |           0 |          0 |          0 |          0 |
|    FP_ARITH_INST_RETIRED_SCALAR_DOUBLE STAT   |   PMC1  |        4565 |        550 |        633 |   570.6250 |
| FP_ARITH_INST_RETIRED_256B_PACKED_DOUBLE STAT |   PMC2  |  1000000000 |  125000000 |  125000000 |  125000000 |
| FP_ARITH_INST_RETIRED_512B_PACKED_DOUBLE STAT |   PMC3  |           0 |          0 |          0 |          0 |
+-----------------------------------------------+---------+-------------+------------+------------+------------+

+----------------------+------------+------------+------------+------------+------------+------------+------------+------------+
|        Metric        | HWThread 0 | HWThread 1 | HWThread 2 | HWThread 3 | HWThread 4 | HWThread 5 | HWThread 6 | HWThread 7 |
+----------------------+------------+------------+------------+------------+------------+------------+------------+------------+
|  Runtime (RDTSC) [s] |     1.4301 |     1.4298 |     1.4299 |     1.4300 |     1.4301 |     1.4301 |     1.4302 |     1.4303 |
| Runtime unhalted [s] |     1.8009 |     1.8124 |     1.8067 |     1.8064 |     1.8096 |     1.8102 |     1.8095 |     1.7964 |
|      Clock [MHz]     |  4588.7279 |  4588.7107 |  4588.7216 |  4588.7149 |  4588.7369 |  4588.7365 |  4588.6990 |  4588.7045 |
|          CPI         |    26.0831 |    18.7248 |    26.2548 |    21.3353 |    26.3074 |    26.2957 |    26.2409 |    26.2391 |
|     DP [MFLOP/s]     |   349.6177 |   349.6929 |   349.6637 |   349.6523 |   349.6385 |   349.6190 |   349.6036 |   349.5842 |
|   AVX DP [MFLOP/s]   |   349.6173 |   349.6924 |   349.6633 |   349.6518 |   349.6381 |   349.6186 |   349.6032 |   349.5839 |
|  AVX512 DP [MFLOP/s] |          0 |          0 |          0 |          0 |          0 |          0 |          0 |          0 |
|   Packed [MUOPS/s]   |    87.4043 |    87.4231 |    87.4158 |    87.4130 |    87.4095 |    87.4046 |    87.4008 |    87.3960 |
|   Scalar [MUOPS/s]   |     0.0004 |     0.0004 |     0.0004 |     0.0004 |     0.0004 |     0.0004 |     0.0004 |     0.0004 |
|  Vectorization ratio |    99.9996 |    99.9995 |    99.9996 |    99.9995 |    99.9996 |    99.9996 |    99.9996 |    99.9996 |
+----------------------+------------+------------+------------+------------+------------+------------+------------+------------+

+---------------------------+------------+-----------+-----------+-----------+
|           Metric          |     Sum    |    Min    |    Max    |    Avg    |
+---------------------------+------------+-----------+-----------+-----------+
|  Runtime (RDTSC) [s] STAT |    11.4405 |    1.4298 |    1.4303 |    1.4301 |
| Runtime unhalted [s] STAT |    14.4521 |    1.7964 |    1.8124 |    1.8065 |
|      Clock [MHz] STAT     | 36709.7520 | 4588.6990 | 4588.7369 | 4588.7190 |
|          CPI STAT         |   197.4811 |   18.7248 |   26.3074 |   24.6851 |
|     DP [MFLOP/s] STAT     |  2797.0719 |  349.5842 |  349.6929 |  349.6340 |
|   AVX DP [MFLOP/s] STAT   |  2797.0686 |  349.5839 |  349.6924 |  349.6336 |
|  AVX512 DP [MFLOP/s] STAT |          0 |         0 |         0 |         0 |
|   Packed [MUOPS/s] STAT   |   699.2671 |   87.3960 |   87.4231 |   87.4084 |
|   Scalar [MUOPS/s] STAT   |     0.0032 |    0.0004 |    0.0004 |    0.0004 |
|  Vectorization ratio STAT |   799.9966 |   99.9995 |   99.9996 |   99.9996 |
+---------------------------+------------+-----------+-----------+-----------+

##################### DATA #####################
--------------------------------------------------------------------------------
CPU name:	11th Gen Intel(R) Core(TM) i7-11700K @ 3.60GHz
CPU type:	Intel Rocketlake processor
CPU clock:	3.60 GHz
--------------------------------------------------------------------------------
LIKWID.get_processor_id_glibc() = 0
(threadid(), LIKWID.get_processor_id_glibc() + 1) = (3, 3)
(threadid(), LIKWID.get_processor_id_glibc() + 1) = (5, 5)(threadid(), LIKWID.get_processor_id_glibc() + 1) = 
(7, 7)
(threadid(), LIKWID.get_processor_id_glibc() + 1) = (4, 4)
(threadid(), LIKWID.get_processor_id_glibc() + 1) = (2, 2)
(threadid(), LIKWID.get_processor_id_glibc() + 1) = (8, 8)
(threadid(), LIKWID.get_processor_id_glibc() + 1) = (6, 6)
(threadid(), LIKWID.get_processor_id_glibc() + 1) = (1, 1)
-------------------------------------------------------------
This system uses 8 bytes per DOUBLE PRECISION word.
-------------------------------------------------------------
Array size = 40000000, Offset = 0
Total memory required = 915.5 MB.
Each test is run 50 times, but only
the *best* time for each is used.
-------------------------------------------------------------
Your clock granularity/precision appears to be 1 microseconds.
Each test below will take on the order of 27209 microseconds.
   (= 27209 clock ticks)
Increase the size of the arrays if this shows that
you are not getting at least 20 clock ticks per test.
-------------------------------------------------------------
WARNING -- The above is only a rough guideline.
For best results, please be sure you know the
precision of your system timer.
-------------------------------------------------------------
Function      Rate (MB/s)   Avg time     Min time     Max time
Copy:       30344.7193       0.0212       0.0211       0.0235
Scale:      30264.3219       0.0212       0.0211       0.0218
Add:        34269.8144       0.0281       0.0280       0.0290
Triad:      34210.9981       0.0281       0.0281       0.0291
-------------------------------------------------------------
Solution Validates
-------------------------------------------------------------
--------------------------------------------------------------------------------
Region COPY, Group 1: DATA
+-------------------+------------+------------+------------+------------+------------+------------+------------+------------+
|    Region Info    | HWThread 0 | HWThread 1 | HWThread 2 | HWThread 3 | HWThread 4 | HWThread 5 | HWThread 6 | HWThread 7 |
+-------------------+------------+------------+------------+------------+------------+------------+------------+------------+
| RDTSC Runtime [s] |   1.142887 |   1.096806 |   1.096819 |   1.099440 |   1.093572 |   1.078908 |   1.084105 |   1.092098 |
|     call count    |         50 |         50 |         50 |         50 |         50 |         50 |         50 |         50 |
+-------------------+------------+------------+------------+------------+------------+------------+------------+------------+

+-----------------------------+---------+------------+------------+------------+------------+------------+------------+------------+------------+
|            Event            | Counter | HWThread 0 | HWThread 1 | HWThread 2 | HWThread 3 | HWThread 4 | HWThread 5 | HWThread 6 | HWThread 7 |
+-----------------------------+---------+------------+------------+------------+------------+------------+------------+------------+------------+
|      INSTR_RETIRED_ANY      |  FIXC0  |  333066600 |  184490500 |  184420900 |  183994400 |  185313300 |  185008000 |  185054500 |  184445000 |
|    CPU_CLK_UNHALTED_CORE    |  FIXC1  | 4912746000 | 4918290000 | 4914846000 | 4906934000 | 4916461000 | 4913615000 | 4915634000 | 4903977000 |
|     CPU_CLK_UNHALTED_REF    |  FIXC2  | 3853390000 | 3857764000 | 3855070000 | 3848862000 | 3856355000 | 3854126000 | 3855691000 | 3846553000 |
|  MEM_INST_RETIRED_ALL_LOADS |   PMC0  |  107267300 |   67021400 |   67009490 |   66932690 |   67236840 |   67122840 |   67157520 |   67049590 |
| MEM_INST_RETIRED_ALL_STORES |   PMC1  |   87730220 |   63191250 |   63190040 |   63159950 |   63294280 |   63237050 |   63262430 |   63221390 |
+-----------------------------+---------+------------+------------+------------+------------+------------+------------+------------+------------+

+----------------------------------+---------+-------------+------------+------------+--------------+
|               Event              | Counter |     Sum     |     Min    |     Max    |      Avg     |
+----------------------------------+---------+-------------+------------+------------+--------------+
|      INSTR_RETIRED_ANY STAT      |  FIXC0  |  1625793200 |  183994400 |  333066600 |    203224150 |
|    CPU_CLK_UNHALTED_CORE STAT    |  FIXC1  | 39302503000 | 4903977000 | 4918290000 |   4912812875 |
|     CPU_CLK_UNHALTED_REF STAT    |  FIXC2  | 30827811000 | 3846553000 | 3857764000 |   3853476375 |
|  MEM_INST_RETIRED_ALL_LOADS STAT |   PMC0  |   576797670 |   66932690 |  107267300 | 7.209971e+07 |
| MEM_INST_RETIRED_ALL_STORES STAT |   PMC1  |   530286610 |   63159950 |   87730220 | 6.628583e+07 |
+----------------------------------+---------+-------------+------------+------------+--------------+

+----------------------+------------+------------+------------+------------+------------+------------+------------+------------+
|        Metric        | HWThread 0 | HWThread 1 | HWThread 2 | HWThread 3 | HWThread 4 | HWThread 5 | HWThread 6 | HWThread 7 |
+----------------------+------------+------------+------------+------------+------------+------------+------------+------------+
|  Runtime (RDTSC) [s] |     1.1429 |     1.0968 |     1.0968 |     1.0994 |     1.0936 |     1.0789 |     1.0841 |     1.0921 |
| Runtime unhalted [s] |     1.3646 |     1.3662 |     1.3652 |     1.3630 |     1.3657 |     1.3649 |     1.3654 |     1.3622 |
|      Clock [MHz]     |  4589.7691 |  4589.7388 |  4589.7300 |  4589.7324 |  4589.7083 |  4589.7043 |  4589.7265 |  4589.7200 |
|          CPI         |    14.7500 |    26.6588 |    26.6502 |    26.6689 |    26.5305 |    26.5589 |    26.5632 |    26.5877 |
|  Load to store ratio |     1.2227 |     1.0606 |     1.0604 |     1.0597 |     1.0623 |     1.0614 |     1.0616 |     1.0606 |
+----------------------+------------+------------+------------+------------+------------+------------+------------+------------+

+---------------------------+------------+-----------+-----------+-----------+
|           Metric          |     Sum    |    Min    |    Max    |    Avg    |
+---------------------------+------------+-----------+-----------+-----------+
|  Runtime (RDTSC) [s] STAT |     8.7846 |    1.0789 |    1.1429 |    1.0981 |
| Runtime unhalted [s] STAT |    10.9172 |    1.3622 |    1.3662 |    1.3646 |
|      Clock [MHz] STAT     | 36717.8294 | 4589.7043 | 4589.7691 | 4589.7287 |
|          CPI STAT         |   200.9682 |   14.7500 |   26.6689 |   25.1210 |
|  Load to store ratio STAT |     8.6493 |    1.0597 |    1.2227 |    1.0812 |
+---------------------------+------------+-----------+-----------+-----------+

Region SCALE, Group 1: DATA
+-------------------+------------+------------+------------+------------+------------+------------+------------+------------+
|    Region Info    | HWThread 0 | HWThread 1 | HWThread 2 | HWThread 3 | HWThread 4 | HWThread 5 | HWThread 6 | HWThread 7 |
+-------------------+------------+------------+------------+------------+------------+------------+------------+------------+
| RDTSC Runtime [s] |   1.079239 |   1.078933 |   1.079016 |   1.079055 |   1.079066 |   1.079146 |   1.079221 |   1.079346 |
|     call count    |         50 |         50 |         50 |         50 |         50 |         50 |         50 |         50 |
+-------------------+------------+------------+------------+------------+------------+------------+------------+------------+

+-----------------------------+---------+------------+------------+------------+------------+------------+------------+------------+------------+
|            Event            | Counter | HWThread 0 | HWThread 1 | HWThread 2 | HWThread 3 | HWThread 4 | HWThread 5 | HWThread 6 | HWThread 7 |
+-----------------------------+---------+------------+------------+------------+------------+------------+------------+------------+------------+
|      INSTR_RETIRED_ANY      |  FIXC0  |  183688200 |  240718900 |  273349900 |  183524500 |  184441800 |  184523000 |  184856900 |  184651600 |
|    CPU_CLK_UNHALTED_CORE    |  FIXC1  | 4920162000 | 4922612000 | 4916636000 | 4909742000 | 4917582000 | 4917686000 | 4925765000 | 4912635000 |
|     CPU_CLK_UNHALTED_REF    |  FIXC2  | 3859248000 | 3861177000 | 3856475000 | 3851081000 | 3857216000 | 3857299000 | 3863645000 | 3853345000 |
|  MEM_INST_RETIRED_ALL_LOADS |   PMC0  |   66914330 |   81927430 |   90963590 |   66720710 |   66908640 |   66912750 |   66992580 |   66966780 |
| MEM_INST_RETIRED_ALL_STORES |   PMC1  |   63334840 |   72354690 |   77860790 |   63146660 |   63231330 |   63231130 |   63267760 |   63263970 |
+-----------------------------+---------+------------+------------+------------+------------+------------+------------+------------+------------+

+----------------------------------+---------+-------------+------------+------------+--------------+
|               Event              | Counter |     Sum     |     Min    |     Max    |      Avg     |
+----------------------------------+---------+-------------+------------+------------+--------------+
|      INSTR_RETIRED_ANY STAT      |  FIXC0  |  1619754800 |  183524500 |  273349900 |    202469350 |
|    CPU_CLK_UNHALTED_CORE STAT    |  FIXC1  | 39342820000 | 4909742000 | 4925765000 |   4917852500 |
|     CPU_CLK_UNHALTED_REF STAT    |  FIXC2  | 30859486000 | 3851081000 | 3863645000 |   3857435750 |
|  MEM_INST_RETIRED_ALL_LOADS STAT |   PMC0  |   574306810 |   66720710 |   90963590 | 7.178835e+07 |
| MEM_INST_RETIRED_ALL_STORES STAT |   PMC1  |   529691170 |   63146660 |   77860790 | 6.621140e+07 |
+----------------------------------+---------+-------------+------------+------------+--------------+

+----------------------+------------+------------+------------+------------+------------+------------+------------+------------+
|        Metric        | HWThread 0 | HWThread 1 | HWThread 2 | HWThread 3 | HWThread 4 | HWThread 5 | HWThread 6 | HWThread 7 |
+----------------------+------------+------------+------------+------------+------------+------------+------------+------------+
|  Runtime (RDTSC) [s] |     1.0792 |     1.0789 |     1.0790 |     1.0791 |     1.0791 |     1.0791 |     1.0792 |     1.0793 |
| Runtime unhalted [s] |     1.3667 |     1.3674 |     1.3657 |     1.3638 |     1.3660 |     1.3660 |     1.3682 |     1.3646 |
|      Clock [MHz]     |  4589.7201 |  4589.7115 |  4589.7288 |  4589.7128 |  4589.7300 |  4589.7283 |  4589.7176 |  4589.7190 |
|          CPI         |    26.7854 |    20.4496 |    17.9866 |    26.7525 |    26.6620 |    26.6508 |    26.6464 |    26.6049 |
|  Load to store ratio |     1.0565 |     1.1323 |     1.1683 |     1.0566 |     1.0582 |     1.0582 |     1.0589 |     1.0585 |
+----------------------+------------+------------+------------+------------+------------+------------+------------+------------+

+---------------------------+------------+-----------+-----------+-----------+
|           Metric          |     Sum    |    Min    |    Max    |    Avg    |
+---------------------------+------------+-----------+-----------+-----------+
|  Runtime (RDTSC) [s] STAT |     8.6329 |    1.0789 |    1.0793 |    1.0791 |
| Runtime unhalted [s] STAT |    10.9284 |    1.3638 |    1.3682 |    1.3660 |
|      Clock [MHz] STAT     | 36717.7681 | 4589.7115 | 4589.7300 | 4589.7210 |
|          CPI STAT         |   198.5382 |   17.9866 |   26.7854 |   24.8173 |
|  Load to store ratio STAT |     8.6475 |    1.0565 |    1.1683 |    1.0809 |
+---------------------------+------------+-----------+-----------+-----------+

Region ADD, Group 1: DATA
+-------------------+------------+------------+------------+------------+------------+------------+------------+------------+
|    Region Info    | HWThread 0 | HWThread 1 | HWThread 2 | HWThread 3 | HWThread 4 | HWThread 5 | HWThread 6 | HWThread 7 |
+-------------------+------------+------------+------------+------------+------------+------------+------------+------------+
| RDTSC Runtime [s] |   1.424363 |   1.424107 |   1.424172 |   1.424258 |   1.424283 |   1.424289 |   1.424378 |   1.424526 |
|     call count    |         50 |         50 |         50 |         50 |         50 |         50 |         50 |         50 |
+-------------------+------------+------------+------------+------------+------------+------------+------------+------------+

+-----------------------------+---------+------------+------------+------------+------------+------------+------------+------------+------------+
|            Event            | Counter | HWThread 0 | HWThread 1 | HWThread 2 | HWThread 3 | HWThread 4 | HWThread 5 | HWThread 6 | HWThread 7 |
+-----------------------------+---------+------------+------------+------------+------------+------------+------------+------------+------------+
|      INSTR_RETIRED_ANY      |  FIXC0  |  250374300 |  347918800 |  304035200 |  247554400 |  247281600 |  247051700 |  247652600 |  246380500 |
|    CPU_CLK_UNHALTED_CORE    |  FIXC1  | 6487220000 | 6517829000 | 6515016000 | 6505933000 | 6514531000 | 6515507000 | 6515386000 | 6470207000 |
|     CPU_CLK_UNHALTED_REF    |  FIXC2  | 5088514000 | 5112524000 | 5110319000 | 5103200000 | 5109933000 | 5110702000 | 5110611000 | 5075173000 |
|  MEM_INST_RETIRED_ALL_LOADS |   PMC0  |  130429600 |  156840600 |  144661700 |  129591900 |  129530900 |  129495100 |  129611100 |  129423300 |
| MEM_INST_RETIRED_ALL_STORES |   PMC1  |   63769710 |   79806670 |   72402180 |   63258820 |   63233460 |   63222630 |   63269860 |   63198360 |
+-----------------------------+---------+------------+------------+------------+------------+------------+------------+------------+------------+

+----------------------------------+---------+-------------+------------+------------+--------------+
|               Event              | Counter |     Sum     |     Min    |     Max    |      Avg     |
+----------------------------------+---------+-------------+------------+------------+--------------+
|      INSTR_RETIRED_ANY STAT      |  FIXC0  |  2138249100 |  246380500 |  347918800 | 2.672811e+08 |
|    CPU_CLK_UNHALTED_CORE STAT    |  FIXC1  | 52041629000 | 6470207000 | 6517829000 |   6505203625 |
|     CPU_CLK_UNHALTED_REF STAT    |  FIXC2  | 40820976000 | 5075173000 | 5112524000 |   5102622000 |
|  MEM_INST_RETIRED_ALL_LOADS STAT |   PMC0  |  1079584200 |  129423300 |  156840600 |    134948025 |
| MEM_INST_RETIRED_ALL_STORES STAT |   PMC1  |   532161690 |   63198360 |   79806670 | 6.652021e+07 |
+----------------------------------+---------+-------------+------------+------------+--------------+

+----------------------+------------+------------+------------+------------+------------+------------+------------+------------+
|        Metric        | HWThread 0 | HWThread 1 | HWThread 2 | HWThread 3 | HWThread 4 | HWThread 5 | HWThread 6 | HWThread 7 |
+----------------------+------------+------------+------------+------------+------------+------------+------------+------------+
|  Runtime (RDTSC) [s] |     1.4244 |     1.4241 |     1.4242 |     1.4243 |     1.4243 |     1.4243 |     1.4244 |     1.4245 |
| Runtime unhalted [s] |     1.8020 |     1.8105 |     1.8097 |     1.8072 |     1.8096 |     1.8098 |     1.8098 |     1.7973 |
|      Clock [MHz]     |  4589.6244 |  4589.6238 |  4589.6225 |  4589.6174 |  4589.6275 |  4589.6244 |  4589.6209 |  4589.6209 |
|          CPI         |    25.9101 |    18.7338 |    21.4285 |    26.2808 |    26.3446 |    26.3731 |    26.3086 |    26.2610 |
|  Load to store ratio |     2.0453 |     1.9653 |     1.9980 |     2.0486 |     2.0485 |     2.0482 |     2.0485 |     2.0479 |
+----------------------+------------+------------+------------+------------+------------+------------+------------+------------+

+---------------------------+------------+-----------+-----------+-----------+
|           Metric          |     Sum    |    Min    |    Max    |    Avg    |
+---------------------------+------------+-----------+-----------+-----------+
|  Runtime (RDTSC) [s] STAT |    11.3945 |    1.4241 |    1.4245 |    1.4243 |
| Runtime unhalted [s] STAT |    14.4559 |    1.7973 |    1.8105 |    1.8070 |
|      Clock [MHz] STAT     | 36716.9818 | 4589.6174 | 4589.6275 | 4589.6227 |
|          CPI STAT         |   197.6405 |   18.7338 |   26.3731 |   24.7051 |
|  Load to store ratio STAT |    16.2503 |    1.9653 |    2.0486 |    2.0313 |
+---------------------------+------------+-----------+-----------+-----------+

Region TRIAD, Group 1: DATA
+-------------------+------------+------------+------------+------------+------------+------------+------------+------------+
|    Region Info    | HWThread 0 | HWThread 1 | HWThread 2 | HWThread 3 | HWThread 4 | HWThread 5 | HWThread 6 | HWThread 7 |
+-------------------+------------+------------+------------+------------+------------+------------+------------+------------+
| RDTSC Runtime [s] |   1.427803 |   1.427512 |   1.427385 |   1.427647 |   1.427690 |   1.427743 |   1.427839 |   1.427936 |
|     call count    |         50 |         50 |         50 |         50 |         50 |         50 |         50 |         50 |
+-------------------+------------+------------+------------+------------+------------+------------+------------+------------+

+-----------------------------+---------+------------+------------+------------+------------+------------+------------+------------+------------+
|            Event            | Counter | HWThread 0 | HWThread 1 | HWThread 2 | HWThread 3 | HWThread 4 | HWThread 5 | HWThread 6 | HWThread 7 |
+-----------------------------+---------+------------+------------+------------+------------+------------+------------+------------+------------+
|      INSTR_RETIRED_ANY      |  FIXC0  |  250229800 |  246614400 |  350176700 |  247570800 |  304366900 |  247337800 |  247857100 |  246227800 |
|    CPU_CLK_UNHALTED_CORE    |  FIXC1  | 6482203000 | 6521010000 | 6505083000 | 6501548000 | 6512198000 | 6514539000 | 6511638000 | 6470242000 |
|     CPU_CLK_UNHALTED_REF    |  FIXC2  | 5084667000 | 5115145000 | 5102621000 | 5099873000 | 5108186000 | 5110055000 | 5107792000 | 5075299000 |
|  MEM_INST_RETIRED_ALL_LOADS |   PMC0  |  130467900 |  129448500 |  157405000 |  129621900 |  144758300 |  129600500 |  129696000 |  129406000 |
| MEM_INST_RETIRED_ALL_STORES |   PMC1  |   63760970 |   63172910 |   80066400 |   63242020 |   72433220 |   63246390 |   63282770 |   63173950 |
+-----------------------------+---------+------------+------------+------------+------------+------------+------------+------------+------------+

+----------------------------------+---------+-------------+------------+------------+--------------+
|               Event              | Counter |     Sum     |     Min    |     Max    |      Avg     |
+----------------------------------+---------+-------------+------------+------------+--------------+
|      INSTR_RETIRED_ANY STAT      |  FIXC0  |  2140381300 |  246227800 |  350176700 | 2.675477e+08 |
|    CPU_CLK_UNHALTED_CORE STAT    |  FIXC1  | 52018461000 | 6470242000 | 6521010000 |   6502307625 |
|     CPU_CLK_UNHALTED_REF STAT    |  FIXC2  | 40803638000 | 5075299000 | 5115145000 |   5100454750 |
|  MEM_INST_RETIRED_ALL_LOADS STAT |   PMC0  |  1080404100 |  129406000 |  157405000 | 1.350505e+08 |
| MEM_INST_RETIRED_ALL_STORES STAT |   PMC1  |   532378630 |   63172910 |   80066400 | 6.654733e+07 |
+----------------------------------+---------+-------------+------------+------------+--------------+

+----------------------+------------+------------+------------+------------+------------+------------+------------+------------+
|        Metric        | HWThread 0 | HWThread 1 | HWThread 2 | HWThread 3 | HWThread 4 | HWThread 5 | HWThread 6 | HWThread 7 |
+----------------------+------------+------------+------------+------------+------------+------------+------------+------------+
|  Runtime (RDTSC) [s] |     1.4278 |     1.4275 |     1.4274 |     1.4276 |     1.4277 |     1.4277 |     1.4278 |     1.4279 |
| Runtime unhalted [s] |     1.8006 |     1.8114 |     1.8069 |     1.8060 |     1.8089 |     1.8096 |     1.8088 |     1.7973 |
|      Clock [MHz]     |  4589.5447 |  4589.5109 |  4589.5385 |  4589.5161 |  4589.5529 |  4589.5236 |  4589.5123 |  4589.5318 |
|          CPI         |    25.9050 |    26.4421 |    18.5766 |    26.2614 |    21.3959 |    26.3386 |    26.2717 |    26.2775 |
|  Load to store ratio |     2.0462 |     2.0491 |     1.9659 |     2.0496 |     1.9985 |     2.0491 |     2.0495 |     2.0484 |
+----------------------+------------+------------+------------+------------+------------+------------+------------+------------+

+---------------------------+------------+-----------+-----------+-----------+
|           Metric          |     Sum    |    Min    |    Max    |    Avg    |
+---------------------------+------------+-----------+-----------+-----------+
|  Runtime (RDTSC) [s] STAT |    11.4214 |    1.4274 |    1.4279 |    1.4277 |
| Runtime unhalted [s] STAT |    14.4495 |    1.7973 |    1.8114 |    1.8062 |
|      Clock [MHz] STAT     | 36716.2308 | 4589.5109 | 4589.5529 | 4589.5288 |
|          CPI STAT         |   197.4688 |   18.5766 |   26.4421 |   24.6836 |
|  Load to store ratio STAT |    16.2563 |    1.9659 |    2.0496 |    2.0320 |
+---------------------------+------------+-----------+-----------+-----------+

